[ 2016-06-21T16:22:36+08:00 ] 127.0.0.1 /matches
INFO: [ app_init ] --START--
INFO: Run Behavior\BuildLiteBehavior [ RunTime:0.000021s ]
INFO: [ app_init ] --END-- [ RunTime:0.000480s ]
INFO: [ app_begin ] --START--
INFO: Run Behavior\ReadHtmlCacheBehavior [ RunTime:0.000723s ]
INFO: [ app_begin ] --END-- [ RunTime:0.000797s ]
NOTIC: [8192] mysql_connect(): The mysql extension is deprecated and will be removed in the future: use mysqli or PDO instead /mypc/www/web3/ThinkPHP/Library/Think/Session/Driver/Db.class.php 第 104 行.
SQL: SHOW COLUMNS FROM `ktm_bsw_location` [ RunTime:0.0011s ]
SQL: SELECT `id`,`parentid`,`name`,`mergername`,`shortname`,`mergershortname`,`leveltype`,`citycode`,`zipcode`,replace(lower(pinyin)," ","") as pinyin,`jianpin`,`firstchar`,`lng`,`lat`,`remarks` FROM `ktm_bsw_location` WHERE ( parentid = 100000 )  [ RunTime:0.0042s ]
SQL: SHOW COLUMNS FROM `ktm_bsw_event` [ RunTime:0.0008s ]
SQL: SELECT * FROM `ktm_bsw_event` ORDER BY e_sort asc  [ RunTime:0.0004s ]
NOTIC: [8] Undefined variable: event /mypc/www/web3/App/Home/Controller/BswController.class.php 第 41 行.
NOTIC: [8] Undefined variable: province /mypc/www/web3/App/Home/Controller/BswController.class.php 第 53 行.
SQL: SHOW COLUMNS FROM `ktm_bsw_game` [ RunTime:0.0009s ]
NOTIC: [8] Undefined variable: province /mypc/www/web3/App/Home/Controller/BswController.class.php 第 112 行.
NOTIC: [8] Undefined variable: city /mypc/www/web3/App/Home/Controller/BswController.class.php 第 112 行.
NOTIC: [8] Undefined variable: province /mypc/www/web3/App/Home/Controller/BswController.class.php 第 112 行.
NOTIC: [8] Undefined variable: province /mypc/www/web3/App/Home/Controller/BswController.class.php 第 115 行.
NOTIC: [8] Undefined variable: province /mypc/www/web3/App/Home/Controller/BswController.class.php 第 115 行.
NOTIC: [8] Undefined variable: year /mypc/www/web3/App/Home/Controller/BswController.class.php 第 123 行.
NOTIC: [8] Undefined variable: month /mypc/www/web3/App/Home/Controller/BswController.class.php 第 123 行.
NOTIC: [8] Undefined variable: type /mypc/www/web3/App/Home/Controller/BswController.class.php 第 145 行.
SQL: SELECT * FROM `ktm_bsw_game`  [ RunTime:0.0004s ]
SQL: SELECT * FROM `ktm_bsw_game` ORDER BY  rand()  LIMIT 0,10   [ RunTime:0.0012s ]
INFO: [ view_parse ] --START--
INFO: [ template_filter ] --START--
INFO: Run Behavior\ContentReplaceBehavior [ RunTime:0.000078s ]
INFO: [ template_filter ] --END-- [ RunTime:0.000129s ]
NOTIC: [8] Undefined index: showMore /mypc/www/web3/App/Runtime/Cache/Home/7e2693b9642e7e88d756e45700e24ec5.php 第 64 行.
NOTIC: [8] Undefined variable: litModel /mypc/www/web3/App/Runtime/Cache/Home/7e2693b9642e7e88d756e45700e24ec5.php 第 95 行.
NOTIC: [8] Undefined index: NoGameData /mypc/www/web3/App/Runtime/Cache/Home/7e2693b9642e7e88d756e45700e24ec5.php 第 121 行.
INFO: Run Behavior\ParseTemplateBehavior [ RunTime:0.022962s ]
INFO: [ view_parse ] --END-- [ RunTime:0.023038s ]
INFO: [ view_filter ] --START--
INFO: Run Behavior\WriteHtmlCacheBehavior [ RunTime:0.000247s ]
INFO: [ view_filter ] --END-- [ RunTime:0.000292s ]
INFO: [ app_end ] --START--
INFO: Run Behavior\ShowPageTraceBehavior [ RunTime:0.000604s ]
INFO: [ app_end ] --END-- [ RunTime:0.000681s ]

[ 2016-06-21T16:22:39+08:00 ] 127.0.0.1 /match/1
INFO: [ app_init ] --START--
INFO: Run Behavior\BuildLiteBehavior [ RunTime:0.000029s ]
INFO: [ app_init ] --END-- [ RunTime:0.000652s ]
INFO: [ app_begin ] --START--
INFO: Run Behavior\ReadHtmlCacheBehavior [ RunTime:0.001012s ]
INFO: [ app_begin ] --END-- [ RunTime:0.001191s ]
NOTIC: [8192] mysql_connect(): The mysql extension is deprecated and will be removed in the future: use mysqli or PDO instead /mypc/www/web3/ThinkPHP/Library/Think/Session/Driver/Db.class.php 第 104 行.
SQL: SHOW COLUMNS FROM `ktm_bsw_game` [ RunTime:0.0009s ]
SQL: SELECT * FROM `ktm_bsw_game` WHERE `id` = 1 LIMIT 1   [ RunTime:0.0006s ]
SQL: SELECT * FROM `ktm_bsw_game` ORDER BY  rand()  LIMIT 0,12   [ RunTime:0.0016s ]
INFO: [ view_parse ] --START--
NOTIC: [8] Undefined offset: 1 /mypc/www/web3/ThinkPHP/Library/Think/Template.class.php 第 527 行.
INFO: [ template_filter ] --START--
INFO: Run Behavior\ContentReplaceBehavior [ RunTime:0.000115s ]
INFO: [ template_filter ] --END-- [ RunTime:0.000197s ]
INFO: Run Behavior\ParseTemplateBehavior [ RunTime:0.018487s ]
INFO: [ view_parse ] --END-- [ RunTime:0.018562s ]
INFO: [ view_filter ] --START--
INFO: Run Behavior\WriteHtmlCacheBehavior [ RunTime:0.000251s ]
INFO: [ view_filter ] --END-- [ RunTime:0.000304s ]
INFO: [ app_end ] --START--
INFO: Run Behavior\ShowPageTraceBehavior [ RunTime:0.000599s ]
INFO: [ app_end ] --END-- [ RunTime:0.000665s ]

[ 2016-06-21T16:22:48+08:00 ] 127.0.0.1 /
INFO: [ app_init ] --START--
INFO: Run Behavior\BuildLiteBehavior [ RunTime:0.000013s ]
INFO: [ app_init ] --END-- [ RunTime:0.000300s ]
INFO: [ app_begin ] --START--
INFO: Run Behavior\ReadHtmlCacheBehavior [ RunTime:0.000402s ]
INFO: [ app_begin ] --END-- [ RunTime:0.000444s ]
NOTIC: [8192] mysql_connect(): The mysql extension is deprecated and will be removed in the future: use mysqli or PDO instead /mypc/www/web3/ThinkPHP/Library/Think/Session/Driver/Db.class.php 第 104 行.
SQL: SHOW COLUMNS FROM `ktm_bsw_game` [ RunTime:0.0011s ]
SQL: SELECT * FROM `ktm_bsw_game` ORDER BY  id desc  LIMIT 3   [ RunTime:0.0004s ]
SQL: SELECT * FROM `ktm_bsw_game` ORDER BY  id desc  LIMIT 3,10   [ RunTime:0.0004s ]
SQL: SELECT * FROM `ktm_bsw_game` ORDER BY  Rand()  LIMIT 0,10   [ RunTime:0.0015s ]
INFO: [ view_parse ] --START--
INFO: [ template_filter ] --START--
INFO: Run Behavior\ContentReplaceBehavior [ RunTime:0.000102s ]
INFO: [ template_filter ] --END-- [ RunTime:0.000182s ]
INFO: Run Behavior\ParseTemplateBehavior [ RunTime:0.019746s ]
INFO: [ view_parse ] --END-- [ RunTime:0.019828s ]
INFO: [ view_filter ] --START--
INFO: Run Behavior\WriteHtmlCacheBehavior [ RunTime:0.000218s ]
INFO: [ view_filter ] --END-- [ RunTime:0.000264s ]
INFO: [ app_end ] --START--
INFO: Run Behavior\ShowPageTraceBehavior [ RunTime:0.000572s ]
INFO: [ app_end ] --END-- [ RunTime:0.000633s ]

