[ 2016-05-30T09:52:21+08:00 ] 127.0.0.1 /Admin/Bsw/addgame
ERR: 1064:You have an error in your SQL syntax; check the manual that corresponds to your MySQL server version for the right syntax to use near '<100000></100000>)  )' at line 1
 [ SQL语句 ] : SELECT * FROM `ktm_bsw_location` WHERE (  parentid in (110100,110000,<100000></100000>)  ) 

[ 2016-05-30T10:03:35+08:00 ] 127.0.0.1 /Admin/Bsw/handleLocation
INFO: [ app_begin ] --START--
INFO: Run Behavior\ReadHtmlCacheBehavior [ RunTime:0.000440s ]
INFO: [ app_begin ] --END-- [ RunTime:0.000717s ]
NOTIC: [8192] mysql_connect(): The mysql extension is deprecated and will be removed in the future: use mysqli or PDO instead /mypc/www/web3/ThinkPHP/Library/Think/Session/Driver/Db.class.php 第 104 行.
SQL: SHOW COLUMNS FROM `ktm_treelist` [ RunTime:0.0008s ]
SQL: SELECT * FROM `ktm_treelist` ORDER BY id asc  [ RunTime:0.0004s ]
SQL: SHOW COLUMNS FROM `ktm_bsw_location` [ RunTime:0.0011s ]
SQL: SELECT * FROM `ktm_bsw_location`  [ RunTime:0.0169s ]
SQL: SELECT * FROM `ktm_bsw_location`  [ RunTime:0.0189s ]

[ 2016-05-30T10:08:24+08:00 ] 127.0.0.1 /Admin/Bsw/handleLocation
INFO: [ app_begin ] --START--
INFO: Run Behavior\ReadHtmlCacheBehavior [ RunTime:0.000605s ]
INFO: [ app_begin ] --END-- [ RunTime:0.001001s ]
NOTIC: [8192] mysql_connect(): The mysql extension is deprecated and will be removed in the future: use mysqli or PDO instead /mypc/www/web3/ThinkPHP/Library/Think/Session/Driver/Db.class.php 第 104 行.
SQL: SHOW COLUMNS FROM `ktm_treelist` [ RunTime:0.0006s ]
SQL: SELECT * FROM `ktm_treelist` ORDER BY id asc  [ RunTime:0.0003s ]
SQL: SHOW COLUMNS FROM `ktm_bsw_location` [ RunTime:0.0006s ]
SQL: SELECT * FROM `ktm_bsw_location`  [ RunTime:0.0137s ]
SQL: SELECT * FROM `ktm_bsw_location`  [ RunTime:0.0168s ]

[ 2016-05-30T10:09:49+08:00 ] 127.0.0.1 /Admin/Bsw/handleLocation
INFO: [ app_begin ] --START--
INFO: Run Behavior\ReadHtmlCacheBehavior [ RunTime:0.000559s ]
INFO: [ app_begin ] --END-- [ RunTime:0.000960s ]
NOTIC: [8192] mysql_connect(): The mysql extension is deprecated and will be removed in the future: use mysqli or PDO instead /mypc/www/web3/ThinkPHP/Library/Think/Session/Driver/Db.class.php 第 104 行.
SQL: SHOW COLUMNS FROM `ktm_treelist` [ RunTime:0.0008s ]
SQL: SELECT * FROM `ktm_treelist` ORDER BY id asc  [ RunTime:0.0004s ]
SQL: SHOW COLUMNS FROM `ktm_bsw_location` [ RunTime:0.0008s ]
SQL: SELECT * FROM `ktm_bsw_location`  [ RunTime:0.0174s ]
SQL: SELECT * FROM `ktm_bsw_location`  [ RunTime:0.0166s ]

[ 2016-05-30T10:10:21+08:00 ] 127.0.0.1 /Admin/Bsw/handleLocation
INFO: [ app_begin ] --START--
INFO: Run Behavior\ReadHtmlCacheBehavior [ RunTime:0.000519s ]
INFO: [ app_begin ] --END-- [ RunTime:0.000884s ]
NOTIC: [8192] mysql_connect(): The mysql extension is deprecated and will be removed in the future: use mysqli or PDO instead /mypc/www/web3/ThinkPHP/Library/Think/Session/Driver/Db.class.php 第 104 行.
SQL: SHOW COLUMNS FROM `ktm_treelist` [ RunTime:0.0007s ]
SQL: SELECT * FROM `ktm_treelist` ORDER BY id asc  [ RunTime:0.0004s ]
SQL: SHOW COLUMNS FROM `ktm_bsw_location` [ RunTime:0.0007s ]
SQL: SELECT * FROM `ktm_bsw_location`  [ RunTime:0.0179s ]
SQL: SELECT * FROM `ktm_bsw_location`  [ RunTime:0.0151s ]

[ 2016-05-30T10:18:02+08:00 ] 127.0.0.1 /Admin/Bsw/handleLocation
INFO: [ app_begin ] --START--
INFO: Run Behavior\ReadHtmlCacheBehavior [ RunTime:0.000893s ]
INFO: [ app_begin ] --END-- [ RunTime:0.001503s ]
NOTIC: [8192] mysql_connect(): The mysql extension is deprecated and will be removed in the future: use mysqli or PDO instead /mypc/www/web3/ThinkPHP/Library/Think/Session/Driver/Db.class.php 第 104 行.
SQL: SHOW COLUMNS FROM `ktm_treelist` [ RunTime:0.0009s ]
SQL: SELECT * FROM `ktm_treelist` ORDER BY id asc  [ RunTime:0.0006s ]
SQL: SHOW COLUMNS FROM `ktm_bsw_location` [ RunTime:0.0006s ]
SQL: SELECT * FROM `ktm_bsw_location`  [ RunTime:0.0184s ]
SQL: SELECT * FROM `ktm_bsw_location`  [ RunTime:0.0163s ]

[ 2016-05-30T10:25:15+08:00 ] 127.0.0.1 /Admin/Bsw/handleLocation
INFO: [ app_begin ] --START--
INFO: Run Behavior\ReadHtmlCacheBehavior [ RunTime:0.000397s ]
INFO: [ app_begin ] --END-- [ RunTime:0.000728s ]
NOTIC: [8192] mysql_connect(): The mysql extension is deprecated and will be removed in the future: use mysqli or PDO instead /mypc/www/web3/ThinkPHP/Library/Think/Session/Driver/Db.class.php 第 104 行.
SQL: SHOW COLUMNS FROM `ktm_treelist` [ RunTime:0.0010s ]
SQL: SELECT * FROM `ktm_treelist` ORDER BY id asc  [ RunTime:0.0004s ]
SQL: SHOW COLUMNS FROM `ktm_bsw_location` [ RunTime:0.0007s ]
SQL: SELECT * FROM `ktm_bsw_location`  [ RunTime:0.0173s ]
SQL: SELECT * FROM `ktm_bsw_location`  [ RunTime:0.0200s ]

[ 2016-05-30T10:31:07+08:00 ] 127.0.0.1 /Admin/Bsw/handleLocation
INFO: [ app_begin ] --START--
INFO: Run Behavior\ReadHtmlCacheBehavior [ RunTime:0.000556s ]
INFO: [ app_begin ] --END-- [ RunTime:0.000952s ]
NOTIC: [8192] mysql_connect(): The mysql extension is deprecated and will be removed in the future: use mysqli or PDO instead /mypc/www/web3/ThinkPHP/Library/Think/Session/Driver/Db.class.php 第 104 行.
SQL: SHOW COLUMNS FROM `ktm_treelist` [ RunTime:0.0007s ]
SQL: SELECT * FROM `ktm_treelist` ORDER BY id asc  [ RunTime:0.0004s ]
SQL: SHOW COLUMNS FROM `ktm_bsw_location` [ RunTime:0.0007s ]
SQL: SELECT * FROM `ktm_bsw_location`  [ RunTime:0.0165s ]

[ 2016-05-30T10:31:28+08:00 ] 127.0.0.1 /Admin/Bsw/handleLocation
INFO: [ app_begin ] --START--
INFO: Run Behavior\ReadHtmlCacheBehavior [ RunTime:0.000558s ]
INFO: [ app_begin ] --END-- [ RunTime:0.000954s ]
NOTIC: [8192] mysql_connect(): The mysql extension is deprecated and will be removed in the future: use mysqli or PDO instead /mypc/www/web3/ThinkPHP/Library/Think/Session/Driver/Db.class.php 第 104 行.
SQL: SHOW COLUMNS FROM `ktm_treelist` [ RunTime:0.0007s ]
SQL: SELECT * FROM `ktm_treelist` ORDER BY id asc  [ RunTime:0.0004s ]
SQL: SHOW COLUMNS FROM `ktm_bsw_location` [ RunTime:0.0006s ]
SQL: SELECT * FROM `ktm_bsw_location`  [ RunTime:0.0170s ]

[ 2016-05-30T10:34:31+08:00 ] 127.0.0.1 /Admin/Bsw/handleLocation
INFO: [ app_begin ] --START--
INFO: Run Behavior\ReadHtmlCacheBehavior [ RunTime:0.000562s ]
INFO: [ app_begin ] --END-- [ RunTime:0.000961s ]
NOTIC: [8192] mysql_connect(): The mysql extension is deprecated and will be removed in the future: use mysqli or PDO instead /mypc/www/web3/ThinkPHP/Library/Think/Session/Driver/Db.class.php 第 104 行.
SQL: SHOW COLUMNS FROM `ktm_treelist` [ RunTime:0.0007s ]
SQL: SELECT * FROM `ktm_treelist` ORDER BY id asc  [ RunTime:0.0004s ]
SQL: SHOW COLUMNS FROM `ktm_bsw_location` [ RunTime:0.0006s ]
SQL: SELECT * FROM `ktm_bsw_location`  [ RunTime:0.0179s ]

[ 2016-05-30T10:35:08+08:00 ] 127.0.0.1 /Admin/Bsw/handleLocation
INFO: [ app_begin ] --START--
INFO: Run Behavior\ReadHtmlCacheBehavior [ RunTime:0.000630s ]
INFO: [ app_begin ] --END-- [ RunTime:0.001061s ]
NOTIC: [8192] mysql_connect(): The mysql extension is deprecated and will be removed in the future: use mysqli or PDO instead /mypc/www/web3/ThinkPHP/Library/Think/Session/Driver/Db.class.php 第 104 行.
SQL: SHOW COLUMNS FROM `ktm_treelist` [ RunTime:0.0008s ]
SQL: SELECT * FROM `ktm_treelist` ORDER BY id asc  [ RunTime:0.0004s ]
SQL: SHOW COLUMNS FROM `ktm_bsw_location` [ RunTime:0.0006s ]
SQL: SELECT * FROM `ktm_bsw_location`  [ RunTime:0.0166s ]

[ 2016-05-30T10:36:42+08:00 ] 127.0.0.1 /Admin/Bsw/handleLocation
INFO: [ app_begin ] --START--
INFO: Run Behavior\ReadHtmlCacheBehavior [ RunTime:0.000606s ]
INFO: [ app_begin ] --END-- [ RunTime:0.001052s ]
NOTIC: [8192] mysql_connect(): The mysql extension is deprecated and will be removed in the future: use mysqli or PDO instead /mypc/www/web3/ThinkPHP/Library/Think/Session/Driver/Db.class.php 第 104 行.
SQL: SHOW COLUMNS FROM `ktm_treelist` [ RunTime:0.0006s ]
SQL: SELECT * FROM `ktm_treelist` ORDER BY id asc  [ RunTime:0.0003s ]
SQL: SHOW COLUMNS FROM `ktm_bsw_location` [ RunTime:0.0006s ]
SQL: SELECT * FROM `ktm_bsw_location`  [ RunTime:0.0150s ]

[ 2016-05-30T10:37:04+08:00 ] 127.0.0.1 /Admin/Bsw/handleLocation
INFO: [ app_begin ] --START--
INFO: Run Behavior\ReadHtmlCacheBehavior [ RunTime:0.000562s ]
INFO: [ app_begin ] --END-- [ RunTime:0.000961s ]
NOTIC: [8192] mysql_connect(): The mysql extension is deprecated and will be removed in the future: use mysqli or PDO instead /mypc/www/web3/ThinkPHP/Library/Think/Session/Driver/Db.class.php 第 104 行.
SQL: SHOW COLUMNS FROM `ktm_treelist` [ RunTime:0.0006s ]
SQL: SELECT * FROM `ktm_treelist` ORDER BY id asc  [ RunTime:0.0002s ]
SQL: SHOW COLUMNS FROM `ktm_bsw_location` [ RunTime:0.0006s ]
SQL: SELECT * FROM `ktm_bsw_location`  [ RunTime:0.0178s ]

[ 2016-05-30T10:37:11+08:00 ] 127.0.0.1 /Admin/Bsw/handleLocation
INFO: [ app_begin ] --START--
INFO: Run Behavior\ReadHtmlCacheBehavior [ RunTime:0.000557s ]
INFO: [ app_begin ] --END-- [ RunTime:0.000956s ]
NOTIC: [8192] mysql_connect(): The mysql extension is deprecated and will be removed in the future: use mysqli or PDO instead /mypc/www/web3/ThinkPHP/Library/Think/Session/Driver/Db.class.php 第 104 行.
SQL: SHOW COLUMNS FROM `ktm_treelist` [ RunTime:0.0008s ]
SQL: SELECT * FROM `ktm_treelist` ORDER BY id asc  [ RunTime:0.0004s ]
SQL: SHOW COLUMNS FROM `ktm_bsw_location` [ RunTime:0.0006s ]
SQL: SELECT * FROM `ktm_bsw_location`  [ RunTime:0.0199s ]

[ 2016-05-30T10:37:49+08:00 ] 127.0.0.1 /Admin/Bsw/handleLocation
INFO: [ app_begin ] --START--
INFO: Run Behavior\ReadHtmlCacheBehavior [ RunTime:0.000382s ]
INFO: [ app_begin ] --END-- [ RunTime:0.000667s ]
NOTIC: [8192] mysql_connect(): The mysql extension is deprecated and will be removed in the future: use mysqli or PDO instead /mypc/www/web3/ThinkPHP/Library/Think/Session/Driver/Db.class.php 第 104 行.
SQL: SHOW COLUMNS FROM `ktm_treelist` [ RunTime:0.0008s ]
SQL: SELECT * FROM `ktm_treelist` ORDER BY id asc  [ RunTime:0.0004s ]
SQL: SHOW COLUMNS FROM `ktm_bsw_location` [ RunTime:0.0010s ]
SQL: SELECT * FROM `ktm_bsw_location`  [ RunTime:0.0171s ]

[ 2016-05-30T10:37:59+08:00 ] 127.0.0.1 /Admin/Bsw/handleLocation
INFO: [ app_begin ] --START--
INFO: Run Behavior\ReadHtmlCacheBehavior [ RunTime:0.000525s ]
INFO: [ app_begin ] --END-- [ RunTime:0.000915s ]
NOTIC: [8192] mysql_connect(): The mysql extension is deprecated and will be removed in the future: use mysqli or PDO instead /mypc/www/web3/ThinkPHP/Library/Think/Session/Driver/Db.class.php 第 104 行.
SQL: SHOW COLUMNS FROM `ktm_treelist` [ RunTime:0.0007s ]
SQL: SELECT * FROM `ktm_treelist` ORDER BY id asc  [ RunTime:0.0004s ]
SQL: SHOW COLUMNS FROM `ktm_bsw_location` [ RunTime:0.0007s ]
SQL: SELECT * FROM `ktm_bsw_location`  [ RunTime:0.0181s ]

[ 2016-05-30T10:39:51+08:00 ] 127.0.0.1 /Admin/Bsw/handleLocation
INFO: [ app_begin ] --START--
INFO: Run Behavior\ReadHtmlCacheBehavior [ RunTime:0.000556s ]
INFO: [ app_begin ] --END-- [ RunTime:0.000952s ]
NOTIC: [8192] mysql_connect(): The mysql extension is deprecated and will be removed in the future: use mysqli or PDO instead /mypc/www/web3/ThinkPHP/Library/Think/Session/Driver/Db.class.php 第 104 行.
SQL: SHOW COLUMNS FROM `ktm_treelist` [ RunTime:0.0010s ]
SQL: SELECT * FROM `ktm_treelist` ORDER BY id asc  [ RunTime:0.0004s ]
SQL: SHOW COLUMNS FROM `ktm_bsw_location` [ RunTime:0.0009s ]
SQL: SELECT * FROM `ktm_bsw_location`  [ RunTime:0.0190s ]

[ 2016-05-30T10:40:05+08:00 ] 127.0.0.1 /Admin/Bsw/handleLocation
INFO: [ app_begin ] --START--
INFO: Run Behavior\ReadHtmlCacheBehavior [ RunTime:0.000619s ]
INFO: [ app_begin ] --END-- [ RunTime:0.001058s ]
NOTIC: [8192] mysql_connect(): The mysql extension is deprecated and will be removed in the future: use mysqli or PDO instead /mypc/www/web3/ThinkPHP/Library/Think/Session/Driver/Db.class.php 第 104 行.
SQL: SHOW COLUMNS FROM `ktm_treelist` [ RunTime:0.0006s ]
SQL: SELECT * FROM `ktm_treelist` ORDER BY id asc  [ RunTime:0.0002s ]
SQL: SHOW COLUMNS FROM `ktm_bsw_location` [ RunTime:0.0006s ]
SQL: SELECT * FROM `ktm_bsw_location`  [ RunTime:0.0203s ]

[ 2016-05-30T10:42:06+08:00 ] 127.0.0.1 /Admin/Bsw/handleLocation
INFO: [ app_begin ] --START--
INFO: Run Behavior\ReadHtmlCacheBehavior [ RunTime:0.000386s ]
INFO: [ app_begin ] --END-- [ RunTime:0.000823s ]
NOTIC: [8192] mysql_connect(): The mysql extension is deprecated and will be removed in the future: use mysqli or PDO instead /mypc/www/web3/ThinkPHP/Library/Think/Session/Driver/Db.class.php 第 104 行.
SQL: SHOW COLUMNS FROM `ktm_treelist` [ RunTime:0.0008s ]
SQL: SELECT * FROM `ktm_treelist` ORDER BY id asc  [ RunTime:0.0004s ]
SQL: SHOW COLUMNS FROM `ktm_bsw_location` [ RunTime:0.0006s ]
SQL: SELECT * FROM `ktm_bsw_location`  [ RunTime:0.0154s ]
SQL: SELECT * FROM `ktm_bsw_location`  [ RunTime:0.0164s ]

[ 2016-05-30T10:48:32+08:00 ] 127.0.0.1 /Admin/Bsw/handleLocation
INFO: [ app_begin ] --START--
INFO: Run Behavior\ReadHtmlCacheBehavior [ RunTime:0.000573s ]
INFO: [ app_begin ] --END-- [ RunTime:0.000972s ]
NOTIC: [8192] mysql_connect(): The mysql extension is deprecated and will be removed in the future: use mysqli or PDO instead /mypc/www/web3/ThinkPHP/Library/Think/Session/Driver/Db.class.php 第 104 行.
SQL: SHOW COLUMNS FROM `ktm_treelist` [ RunTime:0.0006s ]
SQL: SELECT * FROM `ktm_treelist` ORDER BY id asc  [ RunTime:0.0002s ]
SQL: SHOW COLUMNS FROM `ktm_bsw_location` [ RunTime:0.0006s ]
SQL: SELECT * FROM `ktm_bsw_location`  [ RunTime:0.0151s ]
SQL: SELECT * FROM `ktm_bsw_location`  [ RunTime:0.0166s ]

[ 2016-05-30T10:48:45+08:00 ] 127.0.0.1 /Admin/Bsw/handleLocation
INFO: [ app_begin ] --START--
INFO: Run Behavior\ReadHtmlCacheBehavior [ RunTime:0.000567s ]
INFO: [ app_begin ] --END-- [ RunTime:0.000971s ]
NOTIC: [8192] mysql_connect(): The mysql extension is deprecated and will be removed in the future: use mysqli or PDO instead /mypc/www/web3/ThinkPHP/Library/Think/Session/Driver/Db.class.php 第 104 行.
SQL: SHOW COLUMNS FROM `ktm_treelist` [ RunTime:0.0007s ]
SQL: SELECT * FROM `ktm_treelist` ORDER BY id asc  [ RunTime:0.0004s ]
SQL: SHOW COLUMNS FROM `ktm_bsw_location` [ RunTime:0.0006s ]
SQL: SELECT * FROM `ktm_bsw_location`  [ RunTime:0.0168s ]
SQL: SELECT * FROM `ktm_bsw_location`  [ RunTime:0.0201s ]

[ 2016-05-30T10:50:40+08:00 ] 127.0.0.1 /Admin/Bsw/handleLocation
INFO: [ app_begin ] --START--
INFO: Run Behavior\ReadHtmlCacheBehavior [ RunTime:0.000605s ]
INFO: [ app_begin ] --END-- [ RunTime:0.001036s ]
NOTIC: [8192] mysql_connect(): The mysql extension is deprecated and will be removed in the future: use mysqli or PDO instead /mypc/www/web3/ThinkPHP/Library/Think/Session/Driver/Db.class.php 第 104 行.
SQL: SHOW COLUMNS FROM `ktm_treelist` [ RunTime:0.0009s ]
SQL: SELECT * FROM `ktm_treelist` ORDER BY id asc  [ RunTime:0.0004s ]
SQL: SHOW COLUMNS FROM `ktm_bsw_location` [ RunTime:0.0005s ]
SQL: SELECT * FROM `ktm_bsw_location`  [ RunTime:0.0162s ]
SQL: SELECT * FROM `ktm_bsw_location`  [ RunTime:0.0218s ]

[ 2016-05-30T10:51:58+08:00 ] 127.0.0.1 /Admin/Bsw/handleLocation
INFO: [ app_begin ] --START--
INFO: Run Behavior\ReadHtmlCacheBehavior [ RunTime:0.000620s ]
INFO: [ app_begin ] --END-- [ RunTime:0.001062s ]
NOTIC: [8192] mysql_connect(): The mysql extension is deprecated and will be removed in the future: use mysqli or PDO instead /mypc/www/web3/ThinkPHP/Library/Think/Session/Driver/Db.class.php 第 104 行.
SQL: SHOW COLUMNS FROM `ktm_treelist` [ RunTime:0.0008s ]
SQL: SELECT * FROM `ktm_treelist` ORDER BY id asc  [ RunTime:0.0004s ]
SQL: SHOW COLUMNS FROM `ktm_bsw_location` [ RunTime:0.0007s ]
SQL: SELECT * FROM `ktm_bsw_location`  [ RunTime:0.0217s ]
SQL: SELECT * FROM `ktm_bsw_location`  [ RunTime:0.0162s ]

[ 2016-05-30T10:54:27+08:00 ] 127.0.0.1 /Admin/Bsw/handleLocation
INFO: [ app_begin ] --START--
INFO: Run Behavior\ReadHtmlCacheBehavior [ RunTime:0.000550s ]
INFO: [ app_begin ] --END-- [ RunTime:0.000921s ]
NOTIC: [8192] mysql_connect(): The mysql extension is deprecated and will be removed in the future: use mysqli or PDO instead /mypc/www/web3/ThinkPHP/Library/Think/Session/Driver/Db.class.php 第 104 行.
SQL: SHOW COLUMNS FROM `ktm_treelist` [ RunTime:0.0008s ]
SQL: SELECT * FROM `ktm_treelist` ORDER BY id asc  [ RunTime:0.0004s ]
SQL: SHOW COLUMNS FROM `ktm_bsw_location` [ RunTime:0.0010s ]
SQL: SELECT * FROM `ktm_bsw_location` WHERE ( parentid = 350000 )  [ RunTime:0.0032s ]
SQL: SELECT * FROM `ktm_bsw_location`  [ RunTime:0.0188s ]

[ 2016-05-30T10:55:07+08:00 ] 127.0.0.1 /Admin/Bsw/handleLocation
INFO: [ app_begin ] --START--
INFO: Run Behavior\ReadHtmlCacheBehavior [ RunTime:0.000582s ]
INFO: [ app_begin ] --END-- [ RunTime:0.000982s ]
NOTIC: [8192] mysql_connect(): The mysql extension is deprecated and will be removed in the future: use mysqli or PDO instead /mypc/www/web3/ThinkPHP/Library/Think/Session/Driver/Db.class.php 第 104 行.
SQL: SHOW COLUMNS FROM `ktm_treelist` [ RunTime:0.0007s ]
SQL: SELECT * FROM `ktm_treelist` ORDER BY id asc  [ RunTime:0.0003s ]
SQL: SHOW COLUMNS FROM `ktm_bsw_location` [ RunTime:0.0006s ]
SQL: SELECT * FROM `ktm_bsw_location` WHERE ( parentid = 130000 )  [ RunTime:0.0029s ]

[ 2016-05-30T10:58:21+08:00 ] 127.0.0.1 /Admin/Bsw/handleLocation
INFO: [ app_begin ] --START--
INFO: Run Behavior\ReadHtmlCacheBehavior [ RunTime:0.000509s ]
INFO: [ app_begin ] --END-- [ RunTime:0.001035s ]
NOTIC: [8192] mysql_connect(): The mysql extension is deprecated and will be removed in the future: use mysqli or PDO instead /mypc/www/web3/ThinkPHP/Library/Think/Session/Driver/Db.class.php 第 104 行.
SQL: SHOW COLUMNS FROM `ktm_treelist` [ RunTime:0.0008s ]
SQL: SELECT * FROM `ktm_treelist` ORDER BY id asc  [ RunTime:0.0004s ]
SQL: SHOW COLUMNS FROM `ktm_bsw_location` [ RunTime:0.0007s ]
SQL: SELECT * FROM `ktm_bsw_location` WHERE ( parentid = 230000 )  [ RunTime:0.0029s ]

[ 2016-05-30T10:58:28+08:00 ] 127.0.0.1 /Admin/Bsw/handleLocation
INFO: [ app_begin ] --START--
INFO: Run Behavior\ReadHtmlCacheBehavior [ RunTime:0.000597s ]
INFO: [ app_begin ] --END-- [ RunTime:0.000997s ]
NOTIC: [8192] mysql_connect(): The mysql extension is deprecated and will be removed in the future: use mysqli or PDO instead /mypc/www/web3/ThinkPHP/Library/Think/Session/Driver/Db.class.php 第 104 行.
SQL: SHOW COLUMNS FROM `ktm_treelist` [ RunTime:0.0007s ]
SQL: SELECT * FROM `ktm_treelist` ORDER BY id asc  [ RunTime:0.0004s ]
SQL: SHOW COLUMNS FROM `ktm_bsw_location` [ RunTime:0.0006s ]
SQL: SELECT * FROM `ktm_bsw_location` WHERE ( parentid = 130000 )  [ RunTime:0.0025s ]

[ 2016-05-30T10:58:35+08:00 ] 127.0.0.1 /Admin/Bsw/handleLocation
INFO: [ app_begin ] --START--
INFO: Run Behavior\ReadHtmlCacheBehavior [ RunTime:0.000610s ]
INFO: [ app_begin ] --END-- [ RunTime:0.001040s ]
NOTIC: [8192] mysql_connect(): The mysql extension is deprecated and will be removed in the future: use mysqli or PDO instead /mypc/www/web3/ThinkPHP/Library/Think/Session/Driver/Db.class.php 第 104 行.
SQL: SHOW COLUMNS FROM `ktm_treelist` [ RunTime:0.0009s ]
SQL: SELECT * FROM `ktm_treelist` ORDER BY id asc  [ RunTime:0.0005s ]
SQL: SHOW COLUMNS FROM `ktm_bsw_location` [ RunTime:0.0007s ]
SQL: SELECT * FROM `ktm_bsw_location` WHERE ( parentid = 210000 )  [ RunTime:0.0032s ]
SQL: SELECT * FROM `ktm_bsw_location` WHERE ( parentid = 210100 )  [ RunTime:0.0031s ]

[ 2016-05-30T10:58:39+08:00 ] 127.0.0.1 /Admin/Bsw/handleLocation
INFO: [ app_begin ] --START--
INFO: Run Behavior\ReadHtmlCacheBehavior [ RunTime:0.000634s ]
INFO: [ app_begin ] --END-- [ RunTime:0.001066s ]
NOTIC: [8192] mysql_connect(): The mysql extension is deprecated and will be removed in the future: use mysqli or PDO instead /mypc/www/web3/ThinkPHP/Library/Think/Session/Driver/Db.class.php 第 104 行.
SQL: SHOW COLUMNS FROM `ktm_treelist` [ RunTime:0.0010s ]
SQL: SELECT * FROM `ktm_treelist` ORDER BY id asc  [ RunTime:0.0005s ]
SQL: SHOW COLUMNS FROM `ktm_bsw_location` [ RunTime:0.0008s ]
SQL: SELECT * FROM `ktm_bsw_location` WHERE ( parentid = 340000 )  [ RunTime:0.0035s ]
SQL: SELECT * FROM `ktm_bsw_location` WHERE ( parentid = 340100 )  [ RunTime:0.0034s ]

[ 2016-05-30T11:06:18+08:00 ] 127.0.0.1 /Admin/Bsw/alterGame/id/8
ERR: 1064:You have an error in your SQL syntax; check the manual that corresponds to your MySQL server version for the right syntax to use near ')  )' at line 1
 [ SQL语句 ] : SELECT * FROM `ktm_bsw_location` WHERE (  parentid in (430000,430100,    )  ) 

[ 2016-05-30T11:07:32+08:00 ] 127.0.0.1 /Admin/Bsw/handleLocation
INFO: [ app_begin ] --START--
INFO: Run Behavior\ReadHtmlCacheBehavior [ RunTime:0.000521s ]
INFO: [ app_begin ] --END-- [ RunTime:0.000892s ]
NOTIC: [8192] mysql_connect(): The mysql extension is deprecated and will be removed in the future: use mysqli or PDO instead /mypc/www/web3/ThinkPHP/Library/Think/Session/Driver/Db.class.php 第 104 行.
SQL: SHOW COLUMNS FROM `ktm_treelist` [ RunTime:0.0011s ]
SQL: SELECT * FROM `ktm_treelist` ORDER BY id asc  [ RunTime:0.0005s ]
SQL: SHOW COLUMNS FROM `ktm_bsw_location` [ RunTime:0.0008s ]
SQL: SELECT * FROM `ktm_bsw_location` WHERE ( parentid = 220000 )  [ RunTime:0.0033s ]
SQL: SELECT * FROM `ktm_bsw_location` WHERE ( parentid = 220100 )  [ RunTime:0.0034s ]

[ 2016-05-30T11:07:37+08:00 ] 127.0.0.1 /Admin/Bsw/handleLocation
INFO: [ app_begin ] --START--
INFO: Run Behavior\ReadHtmlCacheBehavior [ RunTime:0.000499s ]
INFO: [ app_begin ] --END-- [ RunTime:0.000841s ]
NOTIC: [8192] mysql_connect(): The mysql extension is deprecated and will be removed in the future: use mysqli or PDO instead /mypc/www/web3/ThinkPHP/Library/Think/Session/Driver/Db.class.php 第 104 行.
SQL: SHOW COLUMNS FROM `ktm_treelist` [ RunTime:0.0007s ]
SQL: SELECT * FROM `ktm_treelist` ORDER BY id asc  [ RunTime:0.0005s ]
SQL: SHOW COLUMNS FROM `ktm_bsw_location` [ RunTime:0.0007s ]
SQL: SELECT * FROM `ktm_bsw_location` WHERE ( parentid = 340000 )  [ RunTime:0.0037s ]
SQL: SELECT * FROM `ktm_bsw_location` WHERE ( parentid = 340100 )  [ RunTime:0.0031s ]

