[ 2016-06-23T15:05:23+08:00 ] 127.0.0.1 /admin/
INFO: [ app_init ] --START--
INFO: Run Behavior\BuildLiteBehavior [ RunTime:0.000015s ]
INFO: [ app_init ] --END-- [ RunTime:0.000312s ]
INFO: [ app_begin ] --START--
INFO: Run Behavior\ReadHtmlCacheBehavior [ RunTime:0.000433s ]
INFO: [ app_begin ] --END-- [ RunTime:0.000489s ]
NOTIC: [8192] mysql_connect(): The mysql extension is deprecated and will be removed in the future: use mysqli or PDO instead /mypc/www/web3/ThinkPHP/Library/Think/Session/Driver/Db.class.php 第 104 行.

[ 2016-06-23T15:05:23+08:00 ] 127.0.0.1 /Admin/Login/Index
INFO: [ app_init ] --START--
INFO: Run Behavior\BuildLiteBehavior [ RunTime:0.000012s ]
INFO: [ app_init ] --END-- [ RunTime:0.000272s ]
INFO: [ app_begin ] --START--
INFO: Run Behavior\ReadHtmlCacheBehavior [ RunTime:0.000346s ]
INFO: [ app_begin ] --END-- [ RunTime:0.000387s ]
NOTIC: [8192] mysql_connect(): The mysql extension is deprecated and will be removed in the future: use mysqli or PDO instead /mypc/www/web3/ThinkPHP/Library/Think/Session/Driver/Db.class.php 第 104 行.
INFO: [ view_parse ] --START--
INFO: [ template_filter ] --START--
INFO: Run Behavior\ContentReplaceBehavior [ RunTime:0.000075s ]
INFO: [ template_filter ] --END-- [ RunTime:0.000163s ]
INFO: Run Behavior\ParseTemplateBehavior [ RunTime:0.010862s ]
INFO: [ view_parse ] --END-- [ RunTime:0.010973s ]
INFO: [ view_filter ] --START--
INFO: Run Behavior\WriteHtmlCacheBehavior [ RunTime:0.000398s ]
INFO: [ view_filter ] --END-- [ RunTime:0.000509s ]
INFO: [ app_end ] --START--
INFO: Run Behavior\ShowPageTraceBehavior [ RunTime:0.001048s ]
INFO: [ app_end ] --END-- [ RunTime:0.001168s ]

[ 2016-06-23T15:05:23+08:00 ] 127.0.0.1 /Admin/Login/verifyLogin
INFO: [ app_init ] --START--
INFO: Run Behavior\BuildLiteBehavior [ RunTime:0.000015s ]
INFO: [ app_init ] --END-- [ RunTime:0.000318s ]
INFO: [ app_begin ] --START--
INFO: Run Behavior\ReadHtmlCacheBehavior [ RunTime:0.000522s ]
INFO: [ app_begin ] --END-- [ RunTime:0.000576s ]
NOTIC: [8192] mysql_connect(): The mysql extension is deprecated and will be removed in the future: use mysqli or PDO instead /mypc/www/web3/ThinkPHP/Library/Think/Session/Driver/Db.class.php 第 104 行.
INFO: [ app_end ] --START--
INFO: Run Behavior\ShowPageTraceBehavior [ RunTime:0.000637s ]
INFO: [ app_end ] --END-- [ RunTime:0.000707s ]

[ 2016-06-23T15:05:35+08:00 ] 127.0.0.1 /Admin/Login/login
INFO: [ app_init ] --START--
INFO: Run Behavior\BuildLiteBehavior [ RunTime:0.000014s ]
INFO: [ app_init ] --END-- [ RunTime:0.000308s ]
INFO: [ app_begin ] --START--
INFO: Run Behavior\ReadHtmlCacheBehavior [ RunTime:0.000398s ]
INFO: [ app_begin ] --END-- [ RunTime:0.000445s ]
NOTIC: [8192] mysql_connect(): The mysql extension is deprecated and will be removed in the future: use mysqli or PDO instead /mypc/www/web3/ThinkPHP/Library/Think/Session/Driver/Db.class.php 第 104 行.
SQL: SHOW COLUMNS FROM `ktm_user` [ RunTime:0.0032s ]
SQL: SELECT * FROM `ktm_user` WHERE `username` = 'admin' LIMIT 1   [ RunTime:0.0004s ]

[ 2016-06-23T15:05:54+08:00 ] 127.0.0.1 /Admin/Login/verifyLogin/0.3154034707645963
INFO: [ app_init ] --START--
INFO: Run Behavior\BuildLiteBehavior [ RunTime:0.000030s ]
INFO: [ app_init ] --END-- [ RunTime:0.000726s ]
INFO: [ app_begin ] --START--
INFO: Run Behavior\ReadHtmlCacheBehavior [ RunTime:0.000979s ]
INFO: [ app_begin ] --END-- [ RunTime:0.001147s ]
NOTIC: [8192] mysql_connect(): The mysql extension is deprecated and will be removed in the future: use mysqli or PDO instead /mypc/www/web3/ThinkPHP/Library/Think/Session/Driver/Db.class.php 第 104 行.
INFO: [ app_end ] --START--
INFO: Run Behavior\ShowPageTraceBehavior [ RunTime:0.000675s ]
INFO: [ app_end ] --END-- [ RunTime:0.000755s ]

[ 2016-06-23T15:06:01+08:00 ] 127.0.0.1 /Admin/Login/login
INFO: [ app_init ] --START--
INFO: Run Behavior\BuildLiteBehavior [ RunTime:0.000015s ]
INFO: [ app_init ] --END-- [ RunTime:0.000314s ]
INFO: [ app_begin ] --START--
INFO: Run Behavior\ReadHtmlCacheBehavior [ RunTime:0.000397s ]
INFO: [ app_begin ] --END-- [ RunTime:0.000446s ]
NOTIC: [8192] mysql_connect(): The mysql extension is deprecated and will be removed in the future: use mysqli or PDO instead /mypc/www/web3/ThinkPHP/Library/Think/Session/Driver/Db.class.php 第 104 行.
SQL: SHOW COLUMNS FROM `ktm_user` [ RunTime:0.0008s ]
SQL: SELECT * FROM `ktm_user` WHERE `username` = 'admin' LIMIT 1   [ RunTime:0.0003s ]

[ 2016-06-23T15:06:24+08:00 ] 127.0.0.1 /Admin/Login/verifyLogin/0.8689268741133434
INFO: [ app_init ] --START--
INFO: Run Behavior\BuildLiteBehavior [ RunTime:0.000018s ]
INFO: [ app_init ] --END-- [ RunTime:0.000301s ]
INFO: [ app_begin ] --START--
INFO: Run Behavior\ReadHtmlCacheBehavior [ RunTime:0.000354s ]
INFO: [ app_begin ] --END-- [ RunTime:0.000394s ]
NOTIC: [8192] mysql_connect(): The mysql extension is deprecated and will be removed in the future: use mysqli or PDO instead /mypc/www/web3/ThinkPHP/Library/Think/Session/Driver/Db.class.php 第 104 行.
INFO: [ app_end ] --START--
INFO: Run Behavior\ShowPageTraceBehavior [ RunTime:0.000679s ]
INFO: [ app_end ] --END-- [ RunTime:0.000766s ]

[ 2016-06-23T15:06:33+08:00 ] 127.0.0.1 /Admin/Login/login
INFO: [ app_init ] --START--
INFO: Run Behavior\BuildLiteBehavior [ RunTime:0.000020s ]
INFO: [ app_init ] --END-- [ RunTime:0.000462s ]
INFO: [ app_begin ] --START--
INFO: Run Behavior\ReadHtmlCacheBehavior [ RunTime:0.000533s ]
INFO: [ app_begin ] --END-- [ RunTime:0.000597s ]
NOTIC: [8192] mysql_connect(): The mysql extension is deprecated and will be removed in the future: use mysqli or PDO instead /mypc/www/web3/ThinkPHP/Library/Think/Session/Driver/Db.class.php 第 104 行.
SQL: SHOW COLUMNS FROM `ktm_user` [ RunTime:0.0006s ]
SQL: SELECT * FROM `ktm_user` WHERE `username` = 'admin' LIMIT 1   [ RunTime:0.0002s ]
SQL: UPDATE `ktm_user` SET `logintime`='1466665593',`loginip`='127.0.0.1' WHERE `id` = 1 [ RunTime:0.0003s ]

[ 2016-06-23T15:06:33+08:00 ] 127.0.0.1 /Admin/Index
INFO: [ app_init ] --START--
INFO: Run Behavior\BuildLiteBehavior [ RunTime:0.000013s ]
INFO: [ app_init ] --END-- [ RunTime:0.000271s ]
INFO: [ app_begin ] --START--
INFO: Run Behavior\ReadHtmlCacheBehavior [ RunTime:0.000353s ]
INFO: [ app_begin ] --END-- [ RunTime:0.000397s ]
NOTIC: [8192] mysql_connect(): The mysql extension is deprecated and will be removed in the future: use mysqli or PDO instead /mypc/www/web3/ThinkPHP/Library/Think/Session/Driver/Db.class.php 第 104 行.
SQL: SHOW COLUMNS FROM `ktm_treelist` [ RunTime:0.0018s ]
SQL: SELECT * FROM `ktm_treelist` ORDER BY id asc  [ RunTime:0.0007s ]
INFO: [ view_parse ] --START--
INFO: [ template_filter ] --START--
INFO: Run Behavior\ContentReplaceBehavior [ RunTime:0.000135s ]
INFO: [ template_filter ] --END-- [ RunTime:0.000232s ]
NOTIC: [8] Undefined variable: acFlag /mypc/www/web3/App/Runtime/Cache/Admin/9df924d9a2d217daa77a359c5bee0c33.php 第 214 行.
INFO: Run Behavior\ParseTemplateBehavior [ RunTime:0.019326s ]
INFO: [ view_parse ] --END-- [ RunTime:0.019415s ]
INFO: [ view_filter ] --START--
INFO: Run Behavior\WriteHtmlCacheBehavior [ RunTime:0.000425s ]
INFO: [ view_filter ] --END-- [ RunTime:0.000537s ]
INFO: [ app_end ] --START--
INFO: Run Behavior\ShowPageTraceBehavior [ RunTime:0.000785s ]
INFO: [ app_end ] --END-- [ RunTime:0.000892s ]

[ 2016-06-23T15:06:38+08:00 ] 127.0.0.1 /Admin/Bsw/Index
INFO: [ app_init ] --START--
INFO: Run Behavior\BuildLiteBehavior [ RunTime:0.000021s ]
INFO: [ app_init ] --END-- [ RunTime:0.000480s ]
INFO: [ app_begin ] --START--
INFO: Run Behavior\ReadHtmlCacheBehavior [ RunTime:0.000633s ]
INFO: [ app_begin ] --END-- [ RunTime:0.000705s ]
NOTIC: [8192] mysql_connect(): The mysql extension is deprecated and will be removed in the future: use mysqli or PDO instead /mypc/www/web3/ThinkPHP/Library/Think/Session/Driver/Db.class.php 第 104 行.
SQL: SHOW COLUMNS FROM `ktm_treelist` [ RunTime:0.0012s ]
SQL: SELECT * FROM `ktm_treelist` ORDER BY id asc  [ RunTime:0.0007s ]
SQL: SHOW COLUMNS FROM `ktm_bsw_game` [ RunTime:0.0013s ]
SQL: SELECT COUNT(*) AS tp_count FROM `ktm_bsw_game` LIMIT 1   [ RunTime:0.0003s ]
SQL: SELECT *, (select e_name from ktm_bsw_event where id = ktm_bsw_game.g_event ) as nee FROM `ktm_bsw_game` ORDER BY id desc LIMIT 0,10   [ RunTime:0.0010s ]
INFO: [ view_parse ] --START--
INFO: [ template_filter ] --START--
INFO: Run Behavior\ContentReplaceBehavior [ RunTime:0.000131s ]
INFO: [ template_filter ] --END-- [ RunTime:0.000218s ]
INFO: Run Behavior\ParseTemplateBehavior [ RunTime:0.024953s ]
INFO: [ view_parse ] --END-- [ RunTime:0.025030s ]
INFO: [ view_filter ] --START--
INFO: Run Behavior\WriteHtmlCacheBehavior [ RunTime:0.000228s ]
INFO: [ view_filter ] --END-- [ RunTime:0.000282s ]
INFO: [ app_end ] --START--
INFO: Run Behavior\ShowPageTraceBehavior [ RunTime:0.000562s ]
INFO: [ app_end ] --END-- [ RunTime:0.000624s ]

[ 2016-06-23T15:06:41+08:00 ] 127.0.0.1 /Admin/Bsw/alterGame/id/4
INFO: [ app_init ] --START--
INFO: Run Behavior\BuildLiteBehavior [ RunTime:0.000038s ]
INFO: [ app_init ] --END-- [ RunTime:0.001036s ]
INFO: [ app_begin ] --START--
INFO: Run Behavior\ReadHtmlCacheBehavior [ RunTime:0.001044s ]
INFO: [ app_begin ] --END-- [ RunTime:0.001182s ]
NOTIC: [8192] mysql_connect(): The mysql extension is deprecated and will be removed in the future: use mysqli or PDO instead /mypc/www/web3/ThinkPHP/Library/Think/Session/Driver/Db.class.php 第 104 行.
SQL: SHOW COLUMNS FROM `ktm_treelist` [ RunTime:0.0011s ]
SQL: SELECT * FROM `ktm_treelist` ORDER BY id asc  [ RunTime:0.0005s ]
SQL: SHOW COLUMNS FROM `ktm_bsw_game` [ RunTime:0.0011s ]
SQL: SELECT * FROM `ktm_bsw_game` WHERE `id` = 4 LIMIT 1   [ RunTime:0.0004s ]
SQL: SHOW COLUMNS FROM `ktm_bsw_location` [ RunTime:0.0011s ]
SQL: SELECT * FROM `ktm_bsw_location` WHERE (  parentid in (440000,440600, 100000)  )  [ RunTime:0.0050s ]
SQL: SHOW COLUMNS FROM `ktm_bsw_event` [ RunTime:0.0009s ]
SQL: SELECT * FROM `ktm_bsw_event` ORDER BY e_sort asc  [ RunTime:0.0004s ]
INFO: [ view_parse ] --START--
INFO: [ template_filter ] --START--
INFO: Run Behavior\ContentReplaceBehavior [ RunTime:0.000197s ]
INFO: [ template_filter ] --END-- [ RunTime:0.000270s ]
NOTIC: [8] Use of undefined constant id - assumed 'id' /mypc/www/web3/App/Runtime/Cache/Admin/4fb5b3b9bd0d454236c8a9b48e7dd36b.php 第 245 行.
NOTIC: [8] Use of undefined constant id - assumed 'id' /mypc/www/web3/App/Runtime/Cache/Admin/4fb5b3b9bd0d454236c8a9b48e7dd36b.php 第 245 行.
NOTIC: [8] Use of undefined constant id - assumed 'id' /mypc/www/web3/App/Runtime/Cache/Admin/4fb5b3b9bd0d454236c8a9b48e7dd36b.php 第 245 行.
NOTIC: [8] Use of undefined constant id - assumed 'id' /mypc/www/web3/App/Runtime/Cache/Admin/4fb5b3b9bd0d454236c8a9b48e7dd36b.php 第 245 行.
NOTIC: [8] Use of undefined constant id - assumed 'id' /mypc/www/web3/App/Runtime/Cache/Admin/4fb5b3b9bd0d454236c8a9b48e7dd36b.php 第 245 行.
NOTIC: [8] Use of undefined constant id - assumed 'id' /mypc/www/web3/App/Runtime/Cache/Admin/4fb5b3b9bd0d454236c8a9b48e7dd36b.php 第 245 行.
NOTIC: [8] Use of undefined constant id - assumed 'id' /mypc/www/web3/App/Runtime/Cache/Admin/4fb5b3b9bd0d454236c8a9b48e7dd36b.php 第 245 行.
NOTIC: [8] Use of undefined constant id - assumed 'id' /mypc/www/web3/App/Runtime/Cache/Admin/4fb5b3b9bd0d454236c8a9b48e7dd36b.php 第 245 行.
NOTIC: [8] Use of undefined constant id - assumed 'id' /mypc/www/web3/App/Runtime/Cache/Admin/4fb5b3b9bd0d454236c8a9b48e7dd36b.php 第 245 行.
NOTIC: [8] Use of undefined constant id - assumed 'id' /mypc/www/web3/App/Runtime/Cache/Admin/4fb5b3b9bd0d454236c8a9b48e7dd36b.php 第 245 行.
NOTIC: [8] Use of undefined constant id - assumed 'id' /mypc/www/web3/App/Runtime/Cache/Admin/4fb5b3b9bd0d454236c8a9b48e7dd36b.php 第 245 行.
NOTIC: [8] Use of undefined constant id - assumed 'id' /mypc/www/web3/App/Runtime/Cache/Admin/4fb5b3b9bd0d454236c8a9b48e7dd36b.php 第 245 行.
NOTIC: [8] Use of undefined constant id - assumed 'id' /mypc/www/web3/App/Runtime/Cache/Admin/4fb5b3b9bd0d454236c8a9b48e7dd36b.php 第 245 行.
NOTIC: [8] Use of undefined constant id - assumed 'id' /mypc/www/web3/App/Runtime/Cache/Admin/4fb5b3b9bd0d454236c8a9b48e7dd36b.php 第 245 行.
NOTIC: [8] Use of undefined constant id - assumed 'id' /mypc/www/web3/App/Runtime/Cache/Admin/4fb5b3b9bd0d454236c8a9b48e7dd36b.php 第 245 行.
NOTIC: [8] Use of undefined constant id - assumed 'id' /mypc/www/web3/App/Runtime/Cache/Admin/4fb5b3b9bd0d454236c8a9b48e7dd36b.php 第 245 行.
NOTIC: [8] Use of undefined constant id - assumed 'id' /mypc/www/web3/App/Runtime/Cache/Admin/4fb5b3b9bd0d454236c8a9b48e7dd36b.php 第 245 行.
NOTIC: [8] Use of undefined constant id - assumed 'id' /mypc/www/web3/App/Runtime/Cache/Admin/4fb5b3b9bd0d454236c8a9b48e7dd36b.php 第 245 行.
NOTIC: [8] Use of undefined constant id - assumed 'id' /mypc/www/web3/App/Runtime/Cache/Admin/4fb5b3b9bd0d454236c8a9b48e7dd36b.php 第 245 行.
NOTIC: [8] Use of undefined constant id - assumed 'id' /mypc/www/web3/App/Runtime/Cache/Admin/4fb5b3b9bd0d454236c8a9b48e7dd36b.php 第 245 行.
NOTIC: [8] Use of undefined constant id - assumed 'id' /mypc/www/web3/App/Runtime/Cache/Admin/4fb5b3b9bd0d454236c8a9b48e7dd36b.php 第 245 行.
INFO: Run Behavior\ParseTemplateBehavior [ RunTime:0.030541s ]
INFO: [ view_parse ] --END-- [ RunTime:0.030619s ]
INFO: [ view_filter ] --START--
INFO: Run Behavior\WriteHtmlCacheBehavior [ RunTime:0.000246s ]
INFO: [ view_filter ] --END-- [ RunTime:0.000302s ]
INFO: [ app_end ] --START--
INFO: Run Behavior\ShowPageTraceBehavior [ RunTime:0.000615s ]
INFO: [ app_end ] --END-- [ RunTime:0.000683s ]

[ 2016-06-23T15:06:44+08:00 ] 127.0.0.1 /Admin/Bsw/handleAlterGame
INFO: [ app_init ] --START--
INFO: Run Behavior\BuildLiteBehavior [ RunTime:0.000019s ]
INFO: [ app_init ] --END-- [ RunTime:0.000366s ]
INFO: [ app_begin ] --START--
INFO: Run Behavior\ReadHtmlCacheBehavior [ RunTime:0.000408s ]
INFO: [ app_begin ] --END-- [ RunTime:0.000457s ]
NOTIC: [8192] mysql_connect(): The mysql extension is deprecated and will be removed in the future: use mysqli or PDO instead /mypc/www/web3/ThinkPHP/Library/Think/Session/Driver/Db.class.php 第 104 行.
SQL: SHOW COLUMNS FROM `ktm_treelist` [ RunTime:0.0013s ]
SQL: SELECT * FROM `ktm_treelist` ORDER BY id asc  [ RunTime:0.0006s ]
NOTIC: [2] Missing argument 2 for postBaiduSpider(), called in /mypc/www/web3/App/Admin/Controller/BswController.class.php on line 238 and defined /mypc/www/web3/App/Common/Common/function.php 第 41 行.

[ 2016-06-23T15:07:16+08:00 ] 127.0.0.1 /Admin/Bsw/handleAlterGame
INFO: [ app_init ] --START--
INFO: Run Behavior\BuildLiteBehavior [ RunTime:0.000021s ]
INFO: [ app_init ] --END-- [ RunTime:0.000479s ]
INFO: [ app_begin ] --START--
INFO: Run Behavior\ReadHtmlCacheBehavior [ RunTime:0.000597s ]
INFO: [ app_begin ] --END-- [ RunTime:0.000656s ]
NOTIC: [8192] mysql_connect(): The mysql extension is deprecated and will be removed in the future: use mysqli or PDO instead /mypc/www/web3/ThinkPHP/Library/Think/Session/Driver/Db.class.php 第 104 行.
SQL: SHOW COLUMNS FROM `ktm_treelist` [ RunTime:0.0008s ]
SQL: SELECT * FROM `ktm_treelist` ORDER BY id asc  [ RunTime:0.0003s ]

[ 2016-06-23T15:07:42+08:00 ] 127.0.0.1 /Admin/Bsw/handleAlterGame
INFO: [ app_init ] --START--
INFO: Run Behavior\BuildLiteBehavior [ RunTime:0.000014s ]
INFO: [ app_init ] --END-- [ RunTime:0.000315s ]
INFO: [ app_begin ] --START--
INFO: Run Behavior\ReadHtmlCacheBehavior [ RunTime:0.000540s ]
INFO: [ app_begin ] --END-- [ RunTime:0.000610s ]
NOTIC: [8192] mysql_connect(): The mysql extension is deprecated and will be removed in the future: use mysqli or PDO instead /mypc/www/web3/ThinkPHP/Library/Think/Session/Driver/Db.class.php 第 104 行.
SQL: SHOW COLUMNS FROM `ktm_treelist` [ RunTime:0.0013s ]
SQL: SELECT * FROM `ktm_treelist` ORDER BY id asc  [ RunTime:0.0006s ]

[ 2016-06-23T15:08:45+08:00 ] 127.0.0.1 /Admin/Bsw/handleAlterGame
INFO: [ app_init ] --START--
INFO: Run Behavior\BuildLiteBehavior [ RunTime:0.000015s ]
INFO: [ app_init ] --END-- [ RunTime:0.000368s ]
INFO: [ app_begin ] --START--
INFO: Run Behavior\ReadHtmlCacheBehavior [ RunTime:0.000425s ]
INFO: [ app_begin ] --END-- [ RunTime:0.000480s ]
NOTIC: [8192] mysql_connect(): The mysql extension is deprecated and will be removed in the future: use mysqli or PDO instead /mypc/www/web3/ThinkPHP/Library/Think/Session/Driver/Db.class.php 第 104 行.
SQL: SHOW COLUMNS FROM `ktm_treelist` [ RunTime:0.0014s ]
SQL: SELECT * FROM `ktm_treelist` ORDER BY id asc  [ RunTime:0.0006s ]

