[ 2016-06-21T14:08:22+08:00 ] 127.0.0.1 /Admin/Login/Index
ERR: _STORAGE_WRITE_ERROR_:./App/Runtime/Cache/Admin/9e16ef9b2db844fc51a9919830447cb9.php

[ 2016-06-21T17:29:51+08:00 ] 127.0.0.1 /admin/
INFO: [ app_init ] --START--
INFO: Run Behavior\BuildLiteBehavior [ RunTime:0.000015s ]
INFO: [ app_init ] --END-- [ RunTime:0.000321s ]
INFO: [ app_begin ] --START--
INFO: Run Behavior\ReadHtmlCacheBehavior [ RunTime:0.000407s ]
INFO: [ app_begin ] --END-- [ RunTime:0.000454s ]
NOTIC: [8192] mysql_connect(): The mysql extension is deprecated and will be removed in the future: use mysqli or PDO instead /mypc/www/web3/ThinkPHP/Library/Think/Session/Driver/Db.class.php 第 104 行.

[ 2016-06-21T17:29:51+08:00 ] 127.0.0.1 /Admin/Login/Index
INFO: [ app_init ] --START--
INFO: Run Behavior\BuildLiteBehavior [ RunTime:0.000021s ]
INFO: [ app_init ] --END-- [ RunTime:0.000483s ]
INFO: [ app_begin ] --START--
INFO: Run Behavior\ReadHtmlCacheBehavior [ RunTime:0.000686s ]
INFO: [ app_begin ] --END-- [ RunTime:0.000759s ]
NOTIC: [8192] mysql_connect(): The mysql extension is deprecated and will be removed in the future: use mysqli or PDO instead /mypc/www/web3/ThinkPHP/Library/Think/Session/Driver/Db.class.php 第 104 行.
INFO: [ view_parse ] --START--
INFO: [ template_filter ] --START--
INFO: Run Behavior\ContentReplaceBehavior [ RunTime:0.000065s ]
INFO: [ template_filter ] --END-- [ RunTime:0.000147s ]
INFO: Run Behavior\ParseTemplateBehavior [ RunTime:0.007496s ]
INFO: [ view_parse ] --END-- [ RunTime:0.007561s ]
INFO: [ view_filter ] --START--
INFO: Run Behavior\WriteHtmlCacheBehavior [ RunTime:0.000233s ]
INFO: [ view_filter ] --END-- [ RunTime:0.000286s ]
INFO: [ app_end ] --START--
INFO: Run Behavior\ShowPageTraceBehavior [ RunTime:0.000584s ]
INFO: [ app_end ] --END-- [ RunTime:0.000643s ]

[ 2016-06-21T17:29:51+08:00 ] 127.0.0.1 /Admin/Login/verifyLogin
INFO: [ app_init ] --START--
INFO: Run Behavior\BuildLiteBehavior [ RunTime:0.000029s ]
INFO: [ app_init ] --END-- [ RunTime:0.000665s ]
INFO: [ app_begin ] --START--
INFO: Run Behavior\ReadHtmlCacheBehavior [ RunTime:0.000648s ]
INFO: [ app_begin ] --END-- [ RunTime:0.000721s ]
NOTIC: [8192] mysql_connect(): The mysql extension is deprecated and will be removed in the future: use mysqli or PDO instead /mypc/www/web3/ThinkPHP/Library/Think/Session/Driver/Db.class.php 第 104 行.
INFO: [ app_end ] --START--
INFO: Run Behavior\ShowPageTraceBehavior [ RunTime:0.000766s ]
INFO: [ app_end ] --END-- [ RunTime:0.000865s ]

[ 2016-06-21T17:29:56+08:00 ] 127.0.0.1 /Admin/Login/login
INFO: [ app_init ] --START--
INFO: Run Behavior\BuildLiteBehavior [ RunTime:0.000013s ]
INFO: [ app_init ] --END-- [ RunTime:0.000327s ]
INFO: [ app_begin ] --START--
INFO: Run Behavior\ReadHtmlCacheBehavior [ RunTime:0.000460s ]
INFO: [ app_begin ] --END-- [ RunTime:0.000547s ]
NOTIC: [8192] mysql_connect(): The mysql extension is deprecated and will be removed in the future: use mysqli or PDO instead /mypc/www/web3/ThinkPHP/Library/Think/Session/Driver/Db.class.php 第 104 行.
SQL: SHOW COLUMNS FROM `ktm_user` [ RunTime:0.0012s ]
SQL: SELECT * FROM `ktm_user` WHERE `username` = 'admin' LIMIT 1   [ RunTime:0.0006s ]
SQL: UPDATE `ktm_user` SET `logintime`='1466501396',`loginip`='127.0.0.1' WHERE `id` = 1 [ RunTime:0.0005s ]

[ 2016-06-21T17:29:56+08:00 ] 127.0.0.1 /Admin/Index
INFO: [ app_init ] --START--
INFO: Run Behavior\BuildLiteBehavior [ RunTime:0.000018s ]
INFO: [ app_init ] --END-- [ RunTime:0.000417s ]
INFO: [ app_begin ] --START--
INFO: Run Behavior\ReadHtmlCacheBehavior [ RunTime:0.000513s ]
INFO: [ app_begin ] --END-- [ RunTime:0.000568s ]
NOTIC: [8192] mysql_connect(): The mysql extension is deprecated and will be removed in the future: use mysqli or PDO instead /mypc/www/web3/ThinkPHP/Library/Think/Session/Driver/Db.class.php 第 104 行.
SQL: SHOW COLUMNS FROM `ktm_treelist` [ RunTime:0.0010s ]
SQL: SELECT * FROM `ktm_treelist` ORDER BY id asc  [ RunTime:0.0004s ]
INFO: [ view_parse ] --START--
INFO: [ template_filter ] --START--
INFO: Run Behavior\ContentReplaceBehavior [ RunTime:0.000108s ]
INFO: [ template_filter ] --END-- [ RunTime:0.000197s ]
NOTIC: [8] Undefined variable: acFlag /mypc/www/web3/App/Runtime/Cache/Admin/9df924d9a2d217daa77a359c5bee0c33.php 第 214 行.
INFO: Run Behavior\ParseTemplateBehavior [ RunTime:0.011567s ]
INFO: [ view_parse ] --END-- [ RunTime:0.011638s ]
INFO: [ view_filter ] --START--
INFO: Run Behavior\WriteHtmlCacheBehavior [ RunTime:0.000313s ]
INFO: [ view_filter ] --END-- [ RunTime:0.000390s ]
INFO: [ app_end ] --START--
INFO: Run Behavior\ShowPageTraceBehavior [ RunTime:0.001049s ]
INFO: [ app_end ] --END-- [ RunTime:0.001160s ]

[ 2016-06-21T17:29:58+08:00 ] 127.0.0.1 /Admin/Bsw/Index
INFO: [ app_init ] --START--
INFO: Run Behavior\BuildLiteBehavior [ RunTime:0.000026s ]
INFO: [ app_init ] --END-- [ RunTime:0.000633s ]
INFO: [ app_begin ] --START--
INFO: Run Behavior\ReadHtmlCacheBehavior [ RunTime:0.000858s ]
INFO: [ app_begin ] --END-- [ RunTime:0.000954s ]
NOTIC: [8192] mysql_connect(): The mysql extension is deprecated and will be removed in the future: use mysqli or PDO instead /mypc/www/web3/ThinkPHP/Library/Think/Session/Driver/Db.class.php 第 104 行.
SQL: SHOW COLUMNS FROM `ktm_treelist` [ RunTime:0.0011s ]
SQL: SELECT * FROM `ktm_treelist` ORDER BY id asc  [ RunTime:0.0005s ]
SQL: SHOW COLUMNS FROM `ktm_bsw_game` [ RunTime:0.0009s ]
SQL: SELECT COUNT(*) AS tp_count FROM `ktm_bsw_game` LIMIT 1   [ RunTime:0.0003s ]
SQL: SELECT *, (select e_name from ktm_bsw_event where id = ktm_bsw_game.g_event ) as nee FROM `ktm_bsw_game` ORDER BY id desc LIMIT 0,10   [ RunTime:0.0005s ]
INFO: [ view_parse ] --START--
INFO: [ template_filter ] --START--
INFO: Run Behavior\ContentReplaceBehavior [ RunTime:0.000080s ]
INFO: [ template_filter ] --END-- [ RunTime:0.000136s ]
INFO: Run Behavior\ParseTemplateBehavior [ RunTime:0.017412s ]
INFO: [ view_parse ] --END-- [ RunTime:0.017473s ]
INFO: [ view_filter ] --START--
INFO: Run Behavior\WriteHtmlCacheBehavior [ RunTime:0.000236s ]
INFO: [ view_filter ] --END-- [ RunTime:0.000291s ]
INFO: [ app_end ] --START--
INFO: Run Behavior\ShowPageTraceBehavior [ RunTime:0.000549s ]
INFO: [ app_end ] --END-- [ RunTime:0.000605s ]

[ 2016-06-21T17:31:16+08:00 ] 127.0.0.1 /Admin/Bsw/alterGame/id/4
INFO: [ app_init ] --START--
INFO: Run Behavior\BuildLiteBehavior [ RunTime:0.000021s ]
INFO: [ app_init ] --END-- [ RunTime:0.000456s ]
INFO: [ app_begin ] --START--
INFO: Run Behavior\ReadHtmlCacheBehavior [ RunTime:0.000594s ]
INFO: [ app_begin ] --END-- [ RunTime:0.000662s ]
NOTIC: [8192] mysql_connect(): The mysql extension is deprecated and will be removed in the future: use mysqli or PDO instead /mypc/www/web3/ThinkPHP/Library/Think/Session/Driver/Db.class.php 第 104 行.
SQL: SHOW COLUMNS FROM `ktm_treelist` [ RunTime:0.0010s ]
SQL: SELECT * FROM `ktm_treelist` ORDER BY id asc  [ RunTime:0.0005s ]
SQL: SHOW COLUMNS FROM `ktm_bsw_game` [ RunTime:0.0007s ]
SQL: SELECT * FROM `ktm_bsw_game` WHERE `id` = 4 LIMIT 1   [ RunTime:0.0005s ]
SQL: SHOW COLUMNS FROM `ktm_bsw_location` [ RunTime:0.0013s ]
SQL: SELECT * FROM `ktm_bsw_location` WHERE (  parentid in (440000,440600, 100000)  )  [ RunTime:0.0059s ]
SQL: SHOW COLUMNS FROM `ktm_bsw_event` [ RunTime:0.0008s ]
SQL: SELECT * FROM `ktm_bsw_event` ORDER BY e_sort asc  [ RunTime:0.0003s ]
INFO: [ view_parse ] --START--
INFO: [ template_filter ] --START--
INFO: Run Behavior\ContentReplaceBehavior [ RunTime:0.000147s ]
INFO: [ template_filter ] --END-- [ RunTime:0.000206s ]
NOTIC: [8] Use of undefined constant id - assumed 'id' /mypc/www/web3/App/Runtime/Cache/Admin/4fb5b3b9bd0d454236c8a9b48e7dd36b.php 第 245 行.
NOTIC: [8] Use of undefined constant id - assumed 'id' /mypc/www/web3/App/Runtime/Cache/Admin/4fb5b3b9bd0d454236c8a9b48e7dd36b.php 第 245 行.
NOTIC: [8] Use of undefined constant id - assumed 'id' /mypc/www/web3/App/Runtime/Cache/Admin/4fb5b3b9bd0d454236c8a9b48e7dd36b.php 第 245 行.
NOTIC: [8] Use of undefined constant id - assumed 'id' /mypc/www/web3/App/Runtime/Cache/Admin/4fb5b3b9bd0d454236c8a9b48e7dd36b.php 第 245 行.
NOTIC: [8] Use of undefined constant id - assumed 'id' /mypc/www/web3/App/Runtime/Cache/Admin/4fb5b3b9bd0d454236c8a9b48e7dd36b.php 第 245 行.
NOTIC: [8] Use of undefined constant id - assumed 'id' /mypc/www/web3/App/Runtime/Cache/Admin/4fb5b3b9bd0d454236c8a9b48e7dd36b.php 第 245 行.
NOTIC: [8] Use of undefined constant id - assumed 'id' /mypc/www/web3/App/Runtime/Cache/Admin/4fb5b3b9bd0d454236c8a9b48e7dd36b.php 第 245 行.
NOTIC: [8] Use of undefined constant id - assumed 'id' /mypc/www/web3/App/Runtime/Cache/Admin/4fb5b3b9bd0d454236c8a9b48e7dd36b.php 第 245 行.
NOTIC: [8] Use of undefined constant id - assumed 'id' /mypc/www/web3/App/Runtime/Cache/Admin/4fb5b3b9bd0d454236c8a9b48e7dd36b.php 第 245 行.
NOTIC: [8] Use of undefined constant id - assumed 'id' /mypc/www/web3/App/Runtime/Cache/Admin/4fb5b3b9bd0d454236c8a9b48e7dd36b.php 第 245 行.
NOTIC: [8] Use of undefined constant id - assumed 'id' /mypc/www/web3/App/Runtime/Cache/Admin/4fb5b3b9bd0d454236c8a9b48e7dd36b.php 第 245 行.
NOTIC: [8] Use of undefined constant id - assumed 'id' /mypc/www/web3/App/Runtime/Cache/Admin/4fb5b3b9bd0d454236c8a9b48e7dd36b.php 第 245 行.
NOTIC: [8] Use of undefined constant id - assumed 'id' /mypc/www/web3/App/Runtime/Cache/Admin/4fb5b3b9bd0d454236c8a9b48e7dd36b.php 第 245 行.
NOTIC: [8] Use of undefined constant id - assumed 'id' /mypc/www/web3/App/Runtime/Cache/Admin/4fb5b3b9bd0d454236c8a9b48e7dd36b.php 第 245 行.
NOTIC: [8] Use of undefined constant id - assumed 'id' /mypc/www/web3/App/Runtime/Cache/Admin/4fb5b3b9bd0d454236c8a9b48e7dd36b.php 第 245 行.
NOTIC: [8] Use of undefined constant id - assumed 'id' /mypc/www/web3/App/Runtime/Cache/Admin/4fb5b3b9bd0d454236c8a9b48e7dd36b.php 第 245 行.
NOTIC: [8] Use of undefined constant id - assumed 'id' /mypc/www/web3/App/Runtime/Cache/Admin/4fb5b3b9bd0d454236c8a9b48e7dd36b.php 第 245 行.
NOTIC: [8] Use of undefined constant id - assumed 'id' /mypc/www/web3/App/Runtime/Cache/Admin/4fb5b3b9bd0d454236c8a9b48e7dd36b.php 第 245 行.
NOTIC: [8] Use of undefined constant id - assumed 'id' /mypc/www/web3/App/Runtime/Cache/Admin/4fb5b3b9bd0d454236c8a9b48e7dd36b.php 第 245 行.
NOTIC: [8] Use of undefined constant id - assumed 'id' /mypc/www/web3/App/Runtime/Cache/Admin/4fb5b3b9bd0d454236c8a9b48e7dd36b.php 第 245 行.
NOTIC: [8] Use of undefined constant id - assumed 'id' /mypc/www/web3/App/Runtime/Cache/Admin/4fb5b3b9bd0d454236c8a9b48e7dd36b.php 第 245 行.
INFO: Run Behavior\ParseTemplateBehavior [ RunTime:0.027584s ]
INFO: [ view_parse ] --END-- [ RunTime:0.027651s ]
INFO: [ view_filter ] --START--
INFO: Run Behavior\WriteHtmlCacheBehavior [ RunTime:0.000252s ]
INFO: [ view_filter ] --END-- [ RunTime:0.000301s ]
INFO: [ app_end ] --START--
INFO: Run Behavior\ShowPageTraceBehavior [ RunTime:0.000612s ]
INFO: [ app_end ] --END-- [ RunTime:0.000675s ]

[ 2016-06-21T17:31:25+08:00 ] 127.0.0.1 /Admin/Bsw/handleAlterGame
INFO: [ app_init ] --START--
INFO: Run Behavior\BuildLiteBehavior [ RunTime:0.000028s ]
INFO: [ app_init ] --END-- [ RunTime:0.000471s ]
INFO: [ app_begin ] --START--
INFO: Run Behavior\ReadHtmlCacheBehavior [ RunTime:0.000582s ]
INFO: [ app_begin ] --END-- [ RunTime:0.000657s ]
NOTIC: [8192] mysql_connect(): The mysql extension is deprecated and will be removed in the future: use mysqli or PDO instead /mypc/www/web3/ThinkPHP/Library/Think/Session/Driver/Db.class.php 第 104 行.
SQL: SHOW COLUMNS FROM `ktm_treelist` [ RunTime:0.0006s ]
SQL: SELECT * FROM `ktm_treelist` ORDER BY id asc  [ RunTime:0.0004s ]
NOTIC: [2] implode(): Invalid arguments passed /mypc/www/web3/App/Common/Common/function.php 第 54 行.

[ 2016-06-21T17:32:32+08:00 ] 127.0.0.1 /Admin/Bsw/handleAlterGame
INFO: [ app_init ] --START--
INFO: Run Behavior\BuildLiteBehavior [ RunTime:0.000019s ]
INFO: [ app_init ] --END-- [ RunTime:0.000475s ]
INFO: [ app_begin ] --START--
INFO: Run Behavior\ReadHtmlCacheBehavior [ RunTime:0.000402s ]
INFO: [ app_begin ] --END-- [ RunTime:0.000449s ]
NOTIC: [8192] mysql_connect(): The mysql extension is deprecated and will be removed in the future: use mysqli or PDO instead /mypc/www/web3/ThinkPHP/Library/Think/Session/Driver/Db.class.php 第 104 行.
SQL: SHOW COLUMNS FROM `ktm_treelist` [ RunTime:0.0007s ]
SQL: SELECT * FROM `ktm_treelist` ORDER BY id asc  [ RunTime:0.0003s ]
NOTIC: [8] Undefined variable: spiderMsg /mypc/www/web3/App/Admin/Controller/BswController.class.php 第 239 行.

[ 2016-06-21T17:37:27+08:00 ] 127.0.0.1 /Admin/Bsw/handleAlterGame
INFO: [ app_init ] --START--
INFO: Run Behavior\BuildLiteBehavior [ RunTime:0.000018s ]
INFO: [ app_init ] --END-- [ RunTime:0.000415s ]
INFO: [ app_begin ] --START--
INFO: Run Behavior\ReadHtmlCacheBehavior [ RunTime:0.000622s ]
INFO: [ app_begin ] --END-- [ RunTime:0.000701s ]
NOTIC: [8192] mysql_connect(): The mysql extension is deprecated and will be removed in the future: use mysqli or PDO instead /mypc/www/web3/ThinkPHP/Library/Think/Session/Driver/Db.class.php 第 104 行.
NOTIC: [2] mysql_connect(): Access denied for user 'bswroot'@'localhost' (using password: YES) /mypc/www/web3/ThinkPHP/Library/Think/Session/Driver/Db.class.php 第 104 行.
NOTIC: [2] mysql_select_db() expects parameter 2 to be resource, boolean given /mypc/www/web3/ThinkPHP/Library/Think/Session/Driver/Db.class.php 第 107 行.
NOTIC: [8] Undefined offset: 1 /mypc/www/web3/ThinkPHP/Library/Think/Session/Driver/Db.class.php 第 137 行.
NOTIC: [2] mysql_query() expects parameter 2 to be resource, null given /mypc/www/web3/ThinkPHP/Library/Think/Session/Driver/Db.class.php 第 138 行.

[ 2016-06-21T17:37:27+08:00 ] 127.0.0.1 /Admin/Login/Index
INFO: [ app_init ] --START--
INFO: Run Behavior\BuildLiteBehavior [ RunTime:0.000013s ]
INFO: [ app_init ] --END-- [ RunTime:0.000322s ]
INFO: [ app_begin ] --START--
INFO: Run Behavior\ReadHtmlCacheBehavior [ RunTime:0.000349s ]
INFO: [ app_begin ] --END-- [ RunTime:0.000390s ]
NOTIC: [8192] mysql_connect(): The mysql extension is deprecated and will be removed in the future: use mysqli or PDO instead /mypc/www/web3/ThinkPHP/Library/Think/Session/Driver/Db.class.php 第 104 行.
NOTIC: [2] mysql_connect(): Access denied for user 'bswroot'@'localhost' (using password: YES) /mypc/www/web3/ThinkPHP/Library/Think/Session/Driver/Db.class.php 第 104 行.
NOTIC: [2] mysql_select_db() expects parameter 2 to be resource, boolean given /mypc/www/web3/ThinkPHP/Library/Think/Session/Driver/Db.class.php 第 107 行.
NOTIC: [8] Undefined offset: 1 /mypc/www/web3/ThinkPHP/Library/Think/Session/Driver/Db.class.php 第 137 行.
NOTIC: [2] mysql_query() expects parameter 2 to be resource, null given /mypc/www/web3/ThinkPHP/Library/Think/Session/Driver/Db.class.php 第 138 行.
INFO: [ view_parse ] --START--
INFO: [ template_filter ] --START--
INFO: Run Behavior\ContentReplaceBehavior [ RunTime:0.000037s ]
INFO: [ template_filter ] --END-- [ RunTime:0.000076s ]
INFO: Run Behavior\ParseTemplateBehavior [ RunTime:0.004943s ]
INFO: [ view_parse ] --END-- [ RunTime:0.004999s ]
INFO: [ view_filter ] --START--
INFO: Run Behavior\WriteHtmlCacheBehavior [ RunTime:0.000201s ]
INFO: [ view_filter ] --END-- [ RunTime:0.000257s ]
INFO: [ app_end ] --START--
INFO: Run Behavior\ShowPageTraceBehavior [ RunTime:0.000596s ]
INFO: [ app_end ] --END-- [ RunTime:0.000676s ]

[ 2016-06-21T17:37:27+08:00 ] 127.0.0.1 /Admin/Login/verifyLogin
INFO: [ app_init ] --START--
INFO: Run Behavior\BuildLiteBehavior [ RunTime:0.000029s ]
INFO: [ app_init ] --END-- [ RunTime:0.000660s ]
INFO: [ app_begin ] --START--
INFO: Run Behavior\ReadHtmlCacheBehavior [ RunTime:0.000861s ]
INFO: [ app_begin ] --END-- [ RunTime:0.000966s ]
NOTIC: [8192] mysql_connect(): The mysql extension is deprecated and will be removed in the future: use mysqli or PDO instead /mypc/www/web3/ThinkPHP/Library/Think/Session/Driver/Db.class.php 第 104 行.
NOTIC: [2] mysql_connect(): Access denied for user 'bswroot'@'localhost' (using password: YES) /mypc/www/web3/ThinkPHP/Library/Think/Session/Driver/Db.class.php 第 104 行.
NOTIC: [2] mysql_select_db() expects parameter 2 to be resource, boolean given /mypc/www/web3/ThinkPHP/Library/Think/Session/Driver/Db.class.php 第 107 行.
NOTIC: [8] Undefined offset: 1 /mypc/www/web3/ThinkPHP/Library/Think/Session/Driver/Db.class.php 第 137 行.
NOTIC: [2] mysql_query() expects parameter 2 to be resource, null given /mypc/www/web3/ThinkPHP/Library/Think/Session/Driver/Db.class.php 第 138 行.
INFO: [ app_end ] --START--
INFO: Run Behavior\ShowPageTraceBehavior [ RunTime:0.000692s ]
INFO: [ app_end ] --END-- [ RunTime:0.000783s ]

[ 2016-06-21T17:37:31+08:00 ] 127.0.0.1 /Admin/Login/verifyLogin/0.5526339960929981
INFO: [ app_init ] --START--
INFO: Run Behavior\BuildLiteBehavior [ RunTime:0.000018s ]
INFO: [ app_init ] --END-- [ RunTime:0.000437s ]
INFO: [ app_begin ] --START--
INFO: Run Behavior\ReadHtmlCacheBehavior [ RunTime:0.000580s ]
INFO: [ app_begin ] --END-- [ RunTime:0.000648s ]
NOTIC: [8192] mysql_connect(): The mysql extension is deprecated and will be removed in the future: use mysqli or PDO instead /mypc/www/web3/ThinkPHP/Library/Think/Session/Driver/Db.class.php 第 104 行.
NOTIC: [2] mysql_connect(): Access denied for user 'bswroot'@'localhost' (using password: YES) /mypc/www/web3/ThinkPHP/Library/Think/Session/Driver/Db.class.php 第 104 行.
NOTIC: [2] mysql_select_db() expects parameter 2 to be resource, boolean given /mypc/www/web3/ThinkPHP/Library/Think/Session/Driver/Db.class.php 第 107 行.
NOTIC: [8] Undefined offset: 1 /mypc/www/web3/ThinkPHP/Library/Think/Session/Driver/Db.class.php 第 137 行.
NOTIC: [2] mysql_query() expects parameter 2 to be resource, null given /mypc/www/web3/ThinkPHP/Library/Think/Session/Driver/Db.class.php 第 138 行.
INFO: [ app_end ] --START--
INFO: Run Behavior\ShowPageTraceBehavior [ RunTime:0.000422s ]
INFO: [ app_end ] --END-- [ RunTime:0.000483s ]

[ 2016-06-21T17:37:34+08:00 ] 127.0.0.1 /Admin/Login/login
INFO: [ app_init ] --START--
INFO: Run Behavior\BuildLiteBehavior [ RunTime:0.000017s ]
INFO: [ app_init ] --END-- [ RunTime:0.000485s ]
INFO: [ app_begin ] --START--
INFO: Run Behavior\ReadHtmlCacheBehavior [ RunTime:0.000541s ]
INFO: [ app_begin ] --END-- [ RunTime:0.000603s ]
NOTIC: [8192] mysql_connect(): The mysql extension is deprecated and will be removed in the future: use mysqli or PDO instead /mypc/www/web3/ThinkPHP/Library/Think/Session/Driver/Db.class.php 第 104 行.
NOTIC: [2] mysql_connect(): Access denied for user 'bswroot'@'localhost' (using password: YES) /mypc/www/web3/ThinkPHP/Library/Think/Session/Driver/Db.class.php 第 104 行.
NOTIC: [2] mysql_select_db() expects parameter 2 to be resource, boolean given /mypc/www/web3/ThinkPHP/Library/Think/Session/Driver/Db.class.php 第 107 行.
NOTIC: [8] Undefined offset: 1 /mypc/www/web3/ThinkPHP/Library/Think/Session/Driver/Db.class.php 第 137 行.
NOTIC: [2] mysql_query() expects parameter 2 to be resource, null given /mypc/www/web3/ThinkPHP/Library/Think/Session/Driver/Db.class.php 第 138 行.

[ 2016-06-21T17:37:39+08:00 ] 127.0.0.1 /Admin/Login/Index
INFO: [ app_init ] --START--
INFO: Run Behavior\BuildLiteBehavior [ RunTime:0.000024s ]
INFO: [ app_init ] --END-- [ RunTime:0.000608s ]
INFO: [ app_begin ] --START--
INFO: Run Behavior\ReadHtmlCacheBehavior [ RunTime:0.000843s ]
INFO: [ app_begin ] --END-- [ RunTime:0.000937s ]
NOTIC: [8192] mysql_connect(): The mysql extension is deprecated and will be removed in the future: use mysqli or PDO instead /mypc/www/web3/ThinkPHP/Library/Think/Session/Driver/Db.class.php 第 104 行.
NOTIC: [2] mysql_connect(): Access denied for user 'bswroot'@'localhost' (using password: YES) /mypc/www/web3/ThinkPHP/Library/Think/Session/Driver/Db.class.php 第 104 行.
NOTIC: [2] mysql_select_db() expects parameter 2 to be resource, boolean given /mypc/www/web3/ThinkPHP/Library/Think/Session/Driver/Db.class.php 第 107 行.
NOTIC: [8] Undefined offset: 1 /mypc/www/web3/ThinkPHP/Library/Think/Session/Driver/Db.class.php 第 137 行.
NOTIC: [2] mysql_query() expects parameter 2 to be resource, null given /mypc/www/web3/ThinkPHP/Library/Think/Session/Driver/Db.class.php 第 138 行.
INFO: [ view_parse ] --START--
INFO: [ template_filter ] --START--
INFO: Run Behavior\ContentReplaceBehavior [ RunTime:0.000055s ]
INFO: [ template_filter ] --END-- [ RunTime:0.000116s ]
INFO: Run Behavior\ParseTemplateBehavior [ RunTime:0.008814s ]
INFO: [ view_parse ] --END-- [ RunTime:0.008886s ]
INFO: [ view_filter ] --START--
INFO: Run Behavior\WriteHtmlCacheBehavior [ RunTime:0.000203s ]
INFO: [ view_filter ] --END-- [ RunTime:0.000257s ]
INFO: [ app_end ] --START--
INFO: Run Behavior\ShowPageTraceBehavior [ RunTime:0.000740s ]
INFO: [ app_end ] --END-- [ RunTime:0.000833s ]

[ 2016-06-21T17:37:39+08:00 ] 127.0.0.1 /Admin/Login/verifyLogin
INFO: [ app_init ] --START--
INFO: Run Behavior\BuildLiteBehavior [ RunTime:0.000017s ]
INFO: [ app_init ] --END-- [ RunTime:0.000361s ]
INFO: [ app_begin ] --START--
INFO: Run Behavior\ReadHtmlCacheBehavior [ RunTime:0.000467s ]
INFO: [ app_begin ] --END-- [ RunTime:0.000528s ]
NOTIC: [8192] mysql_connect(): The mysql extension is deprecated and will be removed in the future: use mysqli or PDO instead /mypc/www/web3/ThinkPHP/Library/Think/Session/Driver/Db.class.php 第 104 行.
NOTIC: [2] mysql_connect(): Access denied for user 'bswroot'@'localhost' (using password: YES) /mypc/www/web3/ThinkPHP/Library/Think/Session/Driver/Db.class.php 第 104 行.
NOTIC: [2] mysql_select_db() expects parameter 2 to be resource, boolean given /mypc/www/web3/ThinkPHP/Library/Think/Session/Driver/Db.class.php 第 107 行.
NOTIC: [8] Undefined offset: 1 /mypc/www/web3/ThinkPHP/Library/Think/Session/Driver/Db.class.php 第 137 行.
NOTIC: [2] mysql_query() expects parameter 2 to be resource, null given /mypc/www/web3/ThinkPHP/Library/Think/Session/Driver/Db.class.php 第 138 行.
INFO: [ app_end ] --START--
INFO: Run Behavior\ShowPageTraceBehavior [ RunTime:0.000496s ]
INFO: [ app_end ] --END-- [ RunTime:0.000564s ]

[ 2016-06-21T17:37:45+08:00 ] 127.0.0.1 /Admin/Login/login
INFO: [ app_init ] --START--
INFO: Run Behavior\BuildLiteBehavior [ RunTime:0.000013s ]
INFO: [ app_init ] --END-- [ RunTime:0.000362s ]
INFO: [ app_begin ] --START--
INFO: Run Behavior\ReadHtmlCacheBehavior [ RunTime:0.000397s ]
INFO: [ app_begin ] --END-- [ RunTime:0.000445s ]
NOTIC: [8192] mysql_connect(): The mysql extension is deprecated and will be removed in the future: use mysqli or PDO instead /mypc/www/web3/ThinkPHP/Library/Think/Session/Driver/Db.class.php 第 104 行.
NOTIC: [2] mysql_connect(): Access denied for user 'bswroot'@'localhost' (using password: YES) /mypc/www/web3/ThinkPHP/Library/Think/Session/Driver/Db.class.php 第 104 行.
NOTIC: [2] mysql_select_db() expects parameter 2 to be resource, boolean given /mypc/www/web3/ThinkPHP/Library/Think/Session/Driver/Db.class.php 第 107 行.
NOTIC: [8] Undefined offset: 1 /mypc/www/web3/ThinkPHP/Library/Think/Session/Driver/Db.class.php 第 137 行.
NOTIC: [2] mysql_query() expects parameter 2 to be resource, null given /mypc/www/web3/ThinkPHP/Library/Think/Session/Driver/Db.class.php 第 138 行.

[ 2016-06-21T17:37:52+08:00 ] 127.0.0.1 /Admin/Login/Index
INFO: [ app_init ] --START--
INFO: Run Behavior\BuildLiteBehavior [ RunTime:0.000020s ]
INFO: [ app_init ] --END-- [ RunTime:0.000473s ]
INFO: [ app_begin ] --START--
INFO: Run Behavior\ReadHtmlCacheBehavior [ RunTime:0.000804s ]
INFO: [ app_begin ] --END-- [ RunTime:0.000875s ]
NOTIC: [8192] mysql_connect(): The mysql extension is deprecated and will be removed in the future: use mysqli or PDO instead /mypc/www/web3/ThinkPHP/Library/Think/Session/Driver/Db.class.php 第 104 行.
NOTIC: [2] mysql_connect(): Access denied for user 'bswroot'@'localhost' (using password: YES) /mypc/www/web3/ThinkPHP/Library/Think/Session/Driver/Db.class.php 第 104 行.
NOTIC: [2] mysql_select_db() expects parameter 2 to be resource, boolean given /mypc/www/web3/ThinkPHP/Library/Think/Session/Driver/Db.class.php 第 107 行.
NOTIC: [8] Undefined offset: 1 /mypc/www/web3/ThinkPHP/Library/Think/Session/Driver/Db.class.php 第 137 行.
NOTIC: [2] mysql_query() expects parameter 2 to be resource, null given /mypc/www/web3/ThinkPHP/Library/Think/Session/Driver/Db.class.php 第 138 行.
INFO: [ view_parse ] --START--
INFO: [ template_filter ] --START--
INFO: Run Behavior\ContentReplaceBehavior [ RunTime:0.000080s ]
INFO: [ template_filter ] --END-- [ RunTime:0.000175s ]
INFO: Run Behavior\ParseTemplateBehavior [ RunTime:0.011837s ]
INFO: [ view_parse ] --END-- [ RunTime:0.011930s ]
INFO: [ view_filter ] --START--
INFO: Run Behavior\WriteHtmlCacheBehavior [ RunTime:0.000302s ]
INFO: [ view_filter ] --END-- [ RunTime:0.000419s ]
INFO: [ app_end ] --START--
INFO: Run Behavior\ShowPageTraceBehavior [ RunTime:0.000494s ]
INFO: [ app_end ] --END-- [ RunTime:0.000548s ]

[ 2016-06-21T17:37:52+08:00 ] 127.0.0.1 /Admin/Login/verifyLogin
INFO: [ app_init ] --START--
INFO: Run Behavior\BuildLiteBehavior [ RunTime:0.000012s ]
INFO: [ app_init ] --END-- [ RunTime:0.000304s ]
INFO: [ app_begin ] --START--
INFO: Run Behavior\ReadHtmlCacheBehavior [ RunTime:0.000399s ]
INFO: [ app_begin ] --END-- [ RunTime:0.000446s ]
NOTIC: [8192] mysql_connect(): The mysql extension is deprecated and will be removed in the future: use mysqli or PDO instead /mypc/www/web3/ThinkPHP/Library/Think/Session/Driver/Db.class.php 第 104 行.
NOTIC: [2] mysql_connect(): Access denied for user 'bswroot'@'localhost' (using password: YES) /mypc/www/web3/ThinkPHP/Library/Think/Session/Driver/Db.class.php 第 104 行.
NOTIC: [2] mysql_select_db() expects parameter 2 to be resource, boolean given /mypc/www/web3/ThinkPHP/Library/Think/Session/Driver/Db.class.php 第 107 行.
NOTIC: [8] Undefined offset: 1 /mypc/www/web3/ThinkPHP/Library/Think/Session/Driver/Db.class.php 第 137 行.
NOTIC: [2] mysql_query() expects parameter 2 to be resource, null given /mypc/www/web3/ThinkPHP/Library/Think/Session/Driver/Db.class.php 第 138 行.
INFO: [ app_end ] --START--
INFO: Run Behavior\ShowPageTraceBehavior [ RunTime:0.000594s ]
INFO: [ app_end ] --END-- [ RunTime:0.000671s ]

[ 2016-06-21T17:37:59+08:00 ] 127.0.0.1 /Admin/Login/login
INFO: [ app_init ] --START--
INFO: Run Behavior\BuildLiteBehavior [ RunTime:0.000013s ]
INFO: [ app_init ] --END-- [ RunTime:0.000306s ]
INFO: [ app_begin ] --START--
INFO: Run Behavior\ReadHtmlCacheBehavior [ RunTime:0.000396s ]
INFO: [ app_begin ] --END-- [ RunTime:0.000444s ]
NOTIC: [8192] mysql_connect(): The mysql extension is deprecated and will be removed in the future: use mysqli or PDO instead /mypc/www/web3/ThinkPHP/Library/Think/Session/Driver/Db.class.php 第 104 行.
NOTIC: [2] mysql_connect(): Access denied for user 'bswroot'@'localhost' (using password: YES) /mypc/www/web3/ThinkPHP/Library/Think/Session/Driver/Db.class.php 第 104 行.
NOTIC: [2] mysql_select_db() expects parameter 2 to be resource, boolean given /mypc/www/web3/ThinkPHP/Library/Think/Session/Driver/Db.class.php 第 107 行.
NOTIC: [8] Undefined offset: 1 /mypc/www/web3/ThinkPHP/Library/Think/Session/Driver/Db.class.php 第 137 行.
NOTIC: [2] mysql_query() expects parameter 2 to be resource, null given /mypc/www/web3/ThinkPHP/Library/Think/Session/Driver/Db.class.php 第 138 行.

[ 2016-06-21T17:38:13+08:00 ] 127.0.0.1 /Admin/Login/login
INFO: [ app_init ] --START--
INFO: Run Behavior\BuildLiteBehavior [ RunTime:0.000015s ]
INFO: [ app_init ] --END-- [ RunTime:0.000313s ]
INFO: [ app_begin ] --START--
INFO: Run Behavior\ReadHtmlCacheBehavior [ RunTime:0.000607s ]
INFO: [ app_begin ] --END-- [ RunTime:0.000661s ]
NOTIC: [8192] mysql_connect(): The mysql extension is deprecated and will be removed in the future: use mysqli or PDO instead /mypc/www/web3/ThinkPHP/Library/Think/Session/Driver/Db.class.php 第 104 行.

[ 2016-06-21T17:38:16+08:00 ] 127.0.0.1 /Admin/Login/Index
INFO: [ app_init ] --START--
INFO: Run Behavior\BuildLiteBehavior [ RunTime:0.000022s ]
INFO: [ app_init ] --END-- [ RunTime:0.000520s ]
INFO: [ app_begin ] --START--
INFO: Run Behavior\ReadHtmlCacheBehavior [ RunTime:0.000690s ]
INFO: [ app_begin ] --END-- [ RunTime:0.000770s ]
NOTIC: [8192] mysql_connect(): The mysql extension is deprecated and will be removed in the future: use mysqli or PDO instead /mypc/www/web3/ThinkPHP/Library/Think/Session/Driver/Db.class.php 第 104 行.
INFO: [ view_parse ] --START--
INFO: [ template_filter ] --START--
INFO: Run Behavior\ContentReplaceBehavior [ RunTime:0.000091s ]
INFO: [ template_filter ] --END-- [ RunTime:0.000197s ]
INFO: Run Behavior\ParseTemplateBehavior [ RunTime:0.009440s ]
INFO: [ view_parse ] --END-- [ RunTime:0.009519s ]
INFO: [ view_filter ] --START--
INFO: Run Behavior\WriteHtmlCacheBehavior [ RunTime:0.000330s ]
INFO: [ view_filter ] --END-- [ RunTime:0.000406s ]
INFO: [ app_end ] --START--
INFO: Run Behavior\ShowPageTraceBehavior [ RunTime:0.000636s ]
INFO: [ app_end ] --END-- [ RunTime:0.000715s ]

[ 2016-06-21T17:38:16+08:00 ] 127.0.0.1 /Admin/Login/verifyLogin
INFO: [ app_init ] --START--
INFO: Run Behavior\BuildLiteBehavior [ RunTime:0.000013s ]
INFO: [ app_init ] --END-- [ RunTime:0.000305s ]
INFO: [ app_begin ] --START--
INFO: Run Behavior\ReadHtmlCacheBehavior [ RunTime:0.000514s ]
INFO: [ app_begin ] --END-- [ RunTime:0.000569s ]
NOTIC: [8192] mysql_connect(): The mysql extension is deprecated and will be removed in the future: use mysqli or PDO instead /mypc/www/web3/ThinkPHP/Library/Think/Session/Driver/Db.class.php 第 104 行.
INFO: [ app_end ] --START--
INFO: Run Behavior\ShowPageTraceBehavior [ RunTime:0.000528s ]
INFO: [ app_end ] --END-- [ RunTime:0.000606s ]

[ 2016-06-21T17:38:20+08:00 ] 127.0.0.1 /Admin/Login/login
INFO: [ app_init ] --START--
INFO: Run Behavior\BuildLiteBehavior [ RunTime:0.000027s ]
INFO: [ app_init ] --END-- [ RunTime:0.000670s ]
INFO: [ app_begin ] --START--
INFO: Run Behavior\ReadHtmlCacheBehavior [ RunTime:0.000630s ]
INFO: [ app_begin ] --END-- [ RunTime:0.000711s ]
NOTIC: [8192] mysql_connect(): The mysql extension is deprecated and will be removed in the future: use mysqli or PDO instead /mypc/www/web3/ThinkPHP/Library/Think/Session/Driver/Db.class.php 第 104 行.
SQL: SHOW COLUMNS FROM `ktm_user` [ RunTime:0.0008s ]
SQL: SELECT * FROM `ktm_user` WHERE `username` = 'admin' LIMIT 1   [ RunTime:0.0003s ]
SQL: UPDATE `ktm_user` SET `logintime`='1466501900',`loginip`='127.0.0.1' WHERE `id` = 1 [ RunTime:0.0004s ]

[ 2016-06-21T17:38:20+08:00 ] 127.0.0.1 /Admin/Index
INFO: [ app_init ] --START--
INFO: Run Behavior\BuildLiteBehavior [ RunTime:0.000016s ]
INFO: [ app_init ] --END-- [ RunTime:0.000403s ]
INFO: [ app_begin ] --START--
INFO: Run Behavior\ReadHtmlCacheBehavior [ RunTime:0.000392s ]
INFO: [ app_begin ] --END-- [ RunTime:0.000433s ]
NOTIC: [8192] mysql_connect(): The mysql extension is deprecated and will be removed in the future: use mysqli or PDO instead /mypc/www/web3/ThinkPHP/Library/Think/Session/Driver/Db.class.php 第 104 行.
SQL: SHOW COLUMNS FROM `ktm_treelist` [ RunTime:0.0011s ]
SQL: SELECT * FROM `ktm_treelist` ORDER BY id asc  [ RunTime:0.0005s ]
INFO: [ view_parse ] --START--
INFO: [ template_filter ] --START--
INFO: Run Behavior\ContentReplaceBehavior [ RunTime:0.000107s ]
INFO: [ template_filter ] --END-- [ RunTime:0.000186s ]
NOTIC: [8] Undefined variable: acFlag /mypc/www/web3/App/Runtime/Cache/Admin/9df924d9a2d217daa77a359c5bee0c33.php 第 214 行.
INFO: Run Behavior\ParseTemplateBehavior [ RunTime:0.011215s ]
INFO: [ view_parse ] --END-- [ RunTime:0.011298s ]
INFO: [ view_filter ] --START--
INFO: Run Behavior\WriteHtmlCacheBehavior [ RunTime:0.000445s ]
INFO: [ view_filter ] --END-- [ RunTime:0.000540s ]
INFO: [ app_end ] --START--
INFO: Run Behavior\ShowPageTraceBehavior [ RunTime:0.001022s ]
INFO: [ app_end ] --END-- [ RunTime:0.001131s ]

[ 2016-06-21T17:38:24+08:00 ] 127.0.0.1 /Admin/Bsw/Index
INFO: [ app_init ] --START--
INFO: Run Behavior\BuildLiteBehavior [ RunTime:0.000019s ]
INFO: [ app_init ] --END-- [ RunTime:0.000415s ]
INFO: [ app_begin ] --START--
INFO: Run Behavior\ReadHtmlCacheBehavior [ RunTime:0.000548s ]
INFO: [ app_begin ] --END-- [ RunTime:0.000610s ]
NOTIC: [8192] mysql_connect(): The mysql extension is deprecated and will be removed in the future: use mysqli or PDO instead /mypc/www/web3/ThinkPHP/Library/Think/Session/Driver/Db.class.php 第 104 行.
SQL: SHOW COLUMNS FROM `ktm_treelist` [ RunTime:0.0012s ]
SQL: SELECT * FROM `ktm_treelist` ORDER BY id asc  [ RunTime:0.0004s ]
SQL: SHOW COLUMNS FROM `ktm_bsw_game` [ RunTime:0.0009s ]
SQL: SELECT COUNT(*) AS tp_count FROM `ktm_bsw_game` LIMIT 1   [ RunTime:0.0003s ]
SQL: SELECT *, (select e_name from ktm_bsw_event where id = ktm_bsw_game.g_event ) as nee FROM `ktm_bsw_game` ORDER BY id desc LIMIT 0,10   [ RunTime:0.0005s ]
INFO: [ view_parse ] --START--
INFO: [ template_filter ] --START--
INFO: Run Behavior\ContentReplaceBehavior [ RunTime:0.000072s ]
INFO: [ template_filter ] --END-- [ RunTime:0.000126s ]
INFO: Run Behavior\ParseTemplateBehavior [ RunTime:0.021785s ]
INFO: [ view_parse ] --END-- [ RunTime:0.021869s ]
INFO: [ view_filter ] --START--
INFO: Run Behavior\WriteHtmlCacheBehavior [ RunTime:0.000242s ]
INFO: [ view_filter ] --END-- [ RunTime:0.000296s ]
INFO: [ app_end ] --START--
INFO: Run Behavior\ShowPageTraceBehavior [ RunTime:0.000590s ]
INFO: [ app_end ] --END-- [ RunTime:0.000659s ]

[ 2016-06-21T17:38:26+08:00 ] 127.0.0.1 /Admin/Bsw/alterGame/id/4
INFO: [ app_init ] --START--
INFO: Run Behavior\BuildLiteBehavior [ RunTime:0.000021s ]
INFO: [ app_init ] --END-- [ RunTime:0.000476s ]
INFO: [ app_begin ] --START--
INFO: Run Behavior\ReadHtmlCacheBehavior [ RunTime:0.000632s ]
INFO: [ app_begin ] --END-- [ RunTime:0.000705s ]
NOTIC: [8192] mysql_connect(): The mysql extension is deprecated and will be removed in the future: use mysqli or PDO instead /mypc/www/web3/ThinkPHP/Library/Think/Session/Driver/Db.class.php 第 104 行.
SQL: SHOW COLUMNS FROM `ktm_treelist` [ RunTime:0.0008s ]
SQL: SELECT * FROM `ktm_treelist` ORDER BY id asc  [ RunTime:0.0004s ]
SQL: SHOW COLUMNS FROM `ktm_bsw_game` [ RunTime:0.0010s ]
SQL: SELECT * FROM `ktm_bsw_game` WHERE `id` = 4 LIMIT 1   [ RunTime:0.0003s ]
SQL: SHOW COLUMNS FROM `ktm_bsw_location` [ RunTime:0.0009s ]
SQL: SELECT * FROM `ktm_bsw_location` WHERE (  parentid in (440000,440600, 100000)  )  [ RunTime:0.0048s ]
SQL: SHOW COLUMNS FROM `ktm_bsw_event` [ RunTime:0.0008s ]
SQL: SELECT * FROM `ktm_bsw_event` ORDER BY e_sort asc  [ RunTime:0.0003s ]
INFO: [ view_parse ] --START--
INFO: [ template_filter ] --START--
INFO: Run Behavior\ContentReplaceBehavior [ RunTime:0.000138s ]
INFO: [ template_filter ] --END-- [ RunTime:0.000196s ]
NOTIC: [8] Use of undefined constant id - assumed 'id' /mypc/www/web3/App/Runtime/Cache/Admin/4fb5b3b9bd0d454236c8a9b48e7dd36b.php 第 245 行.
NOTIC: [8] Use of undefined constant id - assumed 'id' /mypc/www/web3/App/Runtime/Cache/Admin/4fb5b3b9bd0d454236c8a9b48e7dd36b.php 第 245 行.
NOTIC: [8] Use of undefined constant id - assumed 'id' /mypc/www/web3/App/Runtime/Cache/Admin/4fb5b3b9bd0d454236c8a9b48e7dd36b.php 第 245 行.
NOTIC: [8] Use of undefined constant id - assumed 'id' /mypc/www/web3/App/Runtime/Cache/Admin/4fb5b3b9bd0d454236c8a9b48e7dd36b.php 第 245 行.
NOTIC: [8] Use of undefined constant id - assumed 'id' /mypc/www/web3/App/Runtime/Cache/Admin/4fb5b3b9bd0d454236c8a9b48e7dd36b.php 第 245 行.
NOTIC: [8] Use of undefined constant id - assumed 'id' /mypc/www/web3/App/Runtime/Cache/Admin/4fb5b3b9bd0d454236c8a9b48e7dd36b.php 第 245 行.
NOTIC: [8] Use of undefined constant id - assumed 'id' /mypc/www/web3/App/Runtime/Cache/Admin/4fb5b3b9bd0d454236c8a9b48e7dd36b.php 第 245 行.
NOTIC: [8] Use of undefined constant id - assumed 'id' /mypc/www/web3/App/Runtime/Cache/Admin/4fb5b3b9bd0d454236c8a9b48e7dd36b.php 第 245 行.
NOTIC: [8] Use of undefined constant id - assumed 'id' /mypc/www/web3/App/Runtime/Cache/Admin/4fb5b3b9bd0d454236c8a9b48e7dd36b.php 第 245 行.
NOTIC: [8] Use of undefined constant id - assumed 'id' /mypc/www/web3/App/Runtime/Cache/Admin/4fb5b3b9bd0d454236c8a9b48e7dd36b.php 第 245 行.
NOTIC: [8] Use of undefined constant id - assumed 'id' /mypc/www/web3/App/Runtime/Cache/Admin/4fb5b3b9bd0d454236c8a9b48e7dd36b.php 第 245 行.
NOTIC: [8] Use of undefined constant id - assumed 'id' /mypc/www/web3/App/Runtime/Cache/Admin/4fb5b3b9bd0d454236c8a9b48e7dd36b.php 第 245 行.
NOTIC: [8] Use of undefined constant id - assumed 'id' /mypc/www/web3/App/Runtime/Cache/Admin/4fb5b3b9bd0d454236c8a9b48e7dd36b.php 第 245 行.
NOTIC: [8] Use of undefined constant id - assumed 'id' /mypc/www/web3/App/Runtime/Cache/Admin/4fb5b3b9bd0d454236c8a9b48e7dd36b.php 第 245 行.
NOTIC: [8] Use of undefined constant id - assumed 'id' /mypc/www/web3/App/Runtime/Cache/Admin/4fb5b3b9bd0d454236c8a9b48e7dd36b.php 第 245 行.
NOTIC: [8] Use of undefined constant id - assumed 'id' /mypc/www/web3/App/Runtime/Cache/Admin/4fb5b3b9bd0d454236c8a9b48e7dd36b.php 第 245 行.
NOTIC: [8] Use of undefined constant id - assumed 'id' /mypc/www/web3/App/Runtime/Cache/Admin/4fb5b3b9bd0d454236c8a9b48e7dd36b.php 第 245 行.
NOTIC: [8] Use of undefined constant id - assumed 'id' /mypc/www/web3/App/Runtime/Cache/Admin/4fb5b3b9bd0d454236c8a9b48e7dd36b.php 第 245 行.
NOTIC: [8] Use of undefined constant id - assumed 'id' /mypc/www/web3/App/Runtime/Cache/Admin/4fb5b3b9bd0d454236c8a9b48e7dd36b.php 第 245 行.
NOTIC: [8] Use of undefined constant id - assumed 'id' /mypc/www/web3/App/Runtime/Cache/Admin/4fb5b3b9bd0d454236c8a9b48e7dd36b.php 第 245 行.
NOTIC: [8] Use of undefined constant id - assumed 'id' /mypc/www/web3/App/Runtime/Cache/Admin/4fb5b3b9bd0d454236c8a9b48e7dd36b.php 第 245 行.
INFO: Run Behavior\ParseTemplateBehavior [ RunTime:0.027524s ]
INFO: [ view_parse ] --END-- [ RunTime:0.027588s ]
INFO: [ view_filter ] --START--
INFO: Run Behavior\WriteHtmlCacheBehavior [ RunTime:0.000248s ]
INFO: [ view_filter ] --END-- [ RunTime:0.000306s ]
INFO: [ app_end ] --START--
INFO: Run Behavior\ShowPageTraceBehavior [ RunTime:0.000600s ]
INFO: [ app_end ] --END-- [ RunTime:0.000663s ]

[ 2016-06-21T17:38:29+08:00 ] 127.0.0.1 /Admin/Bsw/handleAlterGame
INFO: [ app_init ] --START--
INFO: Run Behavior\BuildLiteBehavior [ RunTime:0.000020s ]
INFO: [ app_init ] --END-- [ RunTime:0.000432s ]
INFO: [ app_begin ] --START--
INFO: Run Behavior\ReadHtmlCacheBehavior [ RunTime:0.000575s ]
INFO: [ app_begin ] --END-- [ RunTime:0.000649s ]
NOTIC: [8192] mysql_connect(): The mysql extension is deprecated and will be removed in the future: use mysqli or PDO instead /mypc/www/web3/ThinkPHP/Library/Think/Session/Driver/Db.class.php 第 104 行.
SQL: SHOW COLUMNS FROM `ktm_treelist` [ RunTime:0.0009s ]
SQL: SELECT * FROM `ktm_treelist` ORDER BY id asc  [ RunTime:0.0005s ]
NOTIC: [8] Undefined variable: spiderMsg /mypc/www/web3/App/Admin/Controller/BswController.class.php 第 239 行.

[ 2016-06-21T17:39:41+08:00 ] 127.0.0.1 /Admin/Bsw/handleAlterGame
INFO: [ app_init ] --START--
INFO: Run Behavior\BuildLiteBehavior [ RunTime:0.000018s ]
INFO: [ app_init ] --END-- [ RunTime:0.000375s ]
INFO: [ app_begin ] --START--
INFO: Run Behavior\ReadHtmlCacheBehavior [ RunTime:0.000568s ]
INFO: [ app_begin ] --END-- [ RunTime:0.000635s ]
NOTIC: [8192] mysql_connect(): The mysql extension is deprecated and will be removed in the future: use mysqli or PDO instead /mypc/www/web3/ThinkPHP/Library/Think/Session/Driver/Db.class.php 第 104 行.
SQL: SHOW COLUMNS FROM `ktm_treelist` [ RunTime:0.0009s ]
SQL: SELECT * FROM `ktm_treelist` ORDER BY id asc  [ RunTime:0.0004s ]
NOTIC: [8] Undefined variable: spiderMsg /mypc/www/web3/App/Admin/Controller/BswController.class.php 第 239 行.

[ 2016-06-21T17:39:56+08:00 ] 127.0.0.1 /Admin/Bsw/handleAlterGame
INFO: [ app_init ] --START--
INFO: Run Behavior\BuildLiteBehavior [ RunTime:0.000019s ]
INFO: [ app_init ] --END-- [ RunTime:0.000415s ]
INFO: [ app_begin ] --START--
INFO: Run Behavior\ReadHtmlCacheBehavior [ RunTime:0.000400s ]
INFO: [ app_begin ] --END-- [ RunTime:0.000447s ]
NOTIC: [8192] mysql_connect(): The mysql extension is deprecated and will be removed in the future: use mysqli or PDO instead /mypc/www/web3/ThinkPHP/Library/Think/Session/Driver/Db.class.php 第 104 行.
SQL: SHOW COLUMNS FROM `ktm_treelist` [ RunTime:0.0012s ]
SQL: SELECT * FROM `ktm_treelist` ORDER BY id asc  [ RunTime:0.0006s ]
NOTIC: [8] Undefined variable: spiderMsg /mypc/www/web3/App/Admin/Controller/BswController.class.php 第 239 行.

[ 2016-06-21T17:40:01+08:00 ] 127.0.0.1 /Admin/Bsw/handleAlterGame
INFO: [ app_init ] --START--
INFO: Run Behavior\BuildLiteBehavior [ RunTime:0.000020s ]
INFO: [ app_init ] --END-- [ RunTime:0.000405s ]
INFO: [ app_begin ] --START--
INFO: Run Behavior\ReadHtmlCacheBehavior [ RunTime:0.000428s ]
INFO: [ app_begin ] --END-- [ RunTime:0.000485s ]
NOTIC: [8192] mysql_connect(): The mysql extension is deprecated and will be removed in the future: use mysqli or PDO instead /mypc/www/web3/ThinkPHP/Library/Think/Session/Driver/Db.class.php 第 104 行.
SQL: SHOW COLUMNS FROM `ktm_treelist` [ RunTime:0.0013s ]
SQL: SELECT * FROM `ktm_treelist` ORDER BY id asc  [ RunTime:0.0007s ]
NOTIC: [8] Undefined variable: spiderMsg /mypc/www/web3/App/Admin/Controller/BswController.class.php 第 239 行.

[ 2016-06-21T17:40:26+08:00 ] 127.0.0.1 /Admin/Bsw/handleAlterGame
INFO: [ app_init ] --START--
INFO: Run Behavior\BuildLiteBehavior [ RunTime:0.000018s ]
INFO: [ app_init ] --END-- [ RunTime:0.000419s ]
INFO: [ app_begin ] --START--
INFO: Run Behavior\ReadHtmlCacheBehavior [ RunTime:0.000582s ]
INFO: [ app_begin ] --END-- [ RunTime:0.000647s ]
NOTIC: [8192] mysql_connect(): The mysql extension is deprecated and will be removed in the future: use mysqli or PDO instead /mypc/www/web3/ThinkPHP/Library/Think/Session/Driver/Db.class.php 第 104 行.
SQL: SHOW COLUMNS FROM `ktm_treelist` [ RunTime:0.0008s ]
SQL: SELECT * FROM `ktm_treelist` ORDER BY id asc  [ RunTime:0.0003s ]
NOTIC: [8] Undefined variable: spiderMsg /mypc/www/web3/App/Admin/Controller/BswController.class.php 第 239 行.

[ 2016-06-21T17:40:59+08:00 ] 127.0.0.1 /Admin/Bsw/handleAlterGame
INFO: [ app_init ] --START--
INFO: Run Behavior\BuildLiteBehavior [ RunTime:0.000013s ]
INFO: [ app_init ] --END-- [ RunTime:0.000304s ]
INFO: [ app_begin ] --START--
INFO: Run Behavior\ReadHtmlCacheBehavior [ RunTime:0.000408s ]
INFO: [ app_begin ] --END-- [ RunTime:0.000458s ]
NOTIC: [8192] mysql_connect(): The mysql extension is deprecated and will be removed in the future: use mysqli or PDO instead /mypc/www/web3/ThinkPHP/Library/Think/Session/Driver/Db.class.php 第 104 行.
SQL: SHOW COLUMNS FROM `ktm_treelist` [ RunTime:0.0009s ]
SQL: SELECT * FROM `ktm_treelist` ORDER BY id asc  [ RunTime:0.0004s ]
NOTIC: [2] implode(): Invalid arguments passed /mypc/www/web3/App/Common/Common/function.php 第 55 行.

[ 2016-06-21T17:42:20+08:00 ] 127.0.0.1 /Admin/Bsw/handleAlterGame
INFO: [ app_init ] --START--
INFO: Run Behavior\BuildLiteBehavior [ RunTime:0.000018s ]
INFO: [ app_init ] --END-- [ RunTime:0.000406s ]
INFO: [ app_begin ] --START--
INFO: Run Behavior\ReadHtmlCacheBehavior [ RunTime:0.000574s ]
INFO: [ app_begin ] --END-- [ RunTime:0.000637s ]
NOTIC: [8192] mysql_connect(): The mysql extension is deprecated and will be removed in the future: use mysqli or PDO instead /mypc/www/web3/ThinkPHP/Library/Think/Session/Driver/Db.class.php 第 104 行.
SQL: SHOW COLUMNS FROM `ktm_treelist` [ RunTime:0.0006s ]
SQL: SELECT * FROM `ktm_treelist` ORDER BY id asc  [ RunTime:0.0004s ]
NOTIC: [8] Undefined variable: spiderMsg /mypc/www/web3/App/Admin/Controller/BswController.class.php 第 239 行.

[ 2016-06-21T17:42:33+08:00 ] 127.0.0.1 /Admin/Bsw/handleAlterGame
INFO: [ app_init ] --START--
INFO: Run Behavior\BuildLiteBehavior [ RunTime:0.000015s ]
INFO: [ app_init ] --END-- [ RunTime:0.000371s ]
INFO: [ app_begin ] --START--
INFO: Run Behavior\ReadHtmlCacheBehavior [ RunTime:0.000544s ]
INFO: [ app_begin ] --END-- [ RunTime:0.000611s ]
NOTIC: [8192] mysql_connect(): The mysql extension is deprecated and will be removed in the future: use mysqli or PDO instead /mypc/www/web3/ThinkPHP/Library/Think/Session/Driver/Db.class.php 第 104 行.
SQL: SHOW COLUMNS FROM `ktm_treelist` [ RunTime:0.0011s ]
SQL: SELECT * FROM `ktm_treelist` ORDER BY id asc  [ RunTime:0.0005s ]

